21:45:13  
[setup-hardw]	cuda:0		num_workers：4		种子：42
[setup-model]	resnet50	残差块数：16		预训练：True
[setup- data]	imagenet100	图片尺寸：224×224	类别数：100
[setup-batch]	64		验证批次：396

21:45:14  
================================================================================
[Exp2]	 补偿方法对比
[Exp2]	 calib_size:4196	 epochs:10	 lr:0.001
[Exp2]	 removed_block:1	 (layer3.2 → layer3.2)
[Exp2]	 batch_size:64	 batch shape: torch.Size([64, 3, 224, 224])（固定）
================================================================================


21:45:14  [0] full_residual（原始模型）
21:45:51          精度: top1=96.59%	 top5=99.66%	 loss=0.1188
21:45:51          延迟: 均值=25.654 ms	 std=±0.010 ms
21:45:52          规模: params=23,712,932	 MACs=4,087,138,304


21:45:52  [1] plain（删除残差无补偿）
21:46:29          精度: top1=5.42%	 top5=15.19%	 loss=4.6708
21:46:29          延迟: 均值=25.564 ms	 std=±0.069 ms
21:46:29          规模: params=23,712,932	 MACs=4,087,138,304


21:46:29  [2] affine  (compensator=affine, rank=0)
21:46:31  	校准中（10 epochs, calib_size=4196, lr=0.001）...
21:47:37  	校准完成，最终 loss=35.955856
21:48:15          精度: top1=5.12%	 top5=18.47%	 loss=6.4319
21:48:15          延迟: 均值=25.829 ms	 std=±0.059 ms
21:48:15          规模: params=23,743,140	 MACs=4,087,138,304


21:48:15  
21:48:15  [3] linear1x1  (compensator=linear1x1, rank=0)
21:48:17  	校准中（10 epochs, calib_size=4196, lr=0.0001）...
21:49:26  	校准完成，最终 loss=17.421780
21:50:03          精度: top1=27.49%	 top5=57.88%	 loss=3.4118
21:50:03          延迟: 均值=26.350 ms	 std=±0.050 ms
21:50:03          规模: params=43,847,588	 MACs=4,292,659,200


21:50:03  
21:50:03  [4] low_rank_r16  (compensator=low_rank, rank=16)
21:50:05  	校准中（10 epochs, calib_size=4196, lr=0.001）...
21:51:13  	校准完成，最终 loss=26.647626
21:51:50          精度: top1=2.88%	 top5=12.32%	 loss=5.7272
21:51:51          延迟: 均值=25.893 ms	 std=±0.023 ms
21:51:51          规模: params=24,196,260	 MACs=4,093,560,832


21:51:51  
21:51:51  [5] adapter  (compensator=adapter, rank=16)
21:51:52  	校准中（10 epochs, calib_size=4196, lr=0.001）...
21:53:00  	校准完成，最终 loss=25.755816
21:53:38          精度: top1=6.31%	 top5=20.76%	 loss=5.4417
21:53:38          延迟: 均值=25.945 ms	 std=±0.053 ms
21:53:38          规模: params=24,211,620	 MACs=4,093,560,832


21:53:38  
21:53:38  结果已保存至：/root/autodl-tmp/ResidualRemove/Results/Exp2_Compensator/calib4196_20260428_2145/compensators.csv
21:53:38  
============================================================
21:53:38  摘要（按 Top-1 降序）
21:53:38  ============================================================
21:53:38  方法                Top-1     延迟(ms)     内存(MB)          参数量
21:53:38  ------------------------------------------------------------
21:53:38  full_residual       96.59%     25.654   23,712,932
21:53:38  linear1x1           27.49%     26.351   43,847,588
21:53:38  adapter              6.31%     25.945   24,211,620
21:53:38  plain                5.42%     25.564   23,712,932
21:53:38  affine               5.12%     25.829   23,743,140
21:53:38  low_rank_r16         2.88%     25.893   24,196,260
21:53:38  ============================================================
