配置加载自：Configs/default_env.yaml
[setup] 运行设备：cuda:0
[setup] 数据集：imagenet，图片尺寸：224×224，类别数：1000
[setup] batch_size：1，验证集批次数：50000，num_workers：4
[setup] 模型：resnet50，残差块数：16，预训练：True

[Exp1-Collaborate] 模型：resnet50
[Exp1-Collaborate] 带宽场景：[1.0, 10.0, 100.0] Mbps
[Exp1-Collaborate] 协议固定开销：2.0 ms
[Exp1-Collaborate] 序列化重复次数：20
[Exp1-Collaborate] 结果将写入：Results/Exp1_Motivation/Motivation2_Collaborate_cost/20260412_2157_system_cost.csv

[Exp1-Collaborate] 运行 full mode 前向，收集中间张量...
[Exp1-Collaborate] 采集到 16 个残差块

[Exp1-Collaborate] 正在测量序列化耗时（每个块需要约数秒）...
  layer1.0: DAG 序列化=4.230 ms  链式序列化=1.975 ms  节省=2.254 ms
  layer1.1: DAG 序列化=3.949 ms  链式序列化=2.076 ms  节省=1.874 ms
  layer1.2: DAG 序列化=4.066 ms  链式序列化=1.974 ms  节省=2.092 ms
  layer2.0: DAG 序列化=2.168 ms  链式序列化=1.089 ms  节省=1.079 ms
  layer2.1: DAG 序列化=2.174 ms  链式序列化=1.088 ms  节省=1.086 ms
  layer2.2: DAG 序列化=2.180 ms  链式序列化=1.088 ms  节省=1.092 ms
  layer2.3: DAG 序列化=2.178 ms  链式序列化=1.086 ms  节省=1.092 ms
  layer3.0: DAG 序列化=1.098 ms  链式序列化=0.546 ms  节省=0.552 ms
  layer3.1: DAG 序列化=1.092 ms  链式序列化=0.546 ms  节省=0.546 ms
  layer3.2: DAG 序列化=1.092 ms  链式序列化=0.545 ms  节省=0.546 ms
  layer3.3: DAG 序列化=1.094 ms  链式序列化=0.546 ms  节省=0.549 ms
  layer3.4: DAG 序列化=1.092 ms  链式序列化=0.545 ms  节省=0.547 ms
  layer3.5: DAG 序列化=1.091 ms  链式序列化=0.546 ms  节省=0.545 ms
  layer4.0: DAG 序列化=0.722 ms  链式序列化=0.362 ms  节省=0.361 ms
  layer4.1: DAG 序列化=0.723 ms  链式序列化=0.362 ms  节省=0.361 ms
  layer4.2: DAG 序列化=0.721 ms  链式序列化=0.360 ms  节省=0.361 ms

[Exp1-Collaborate] 组合数据量 + 序列化 + 传输延迟 + 总系统时间...

[Exp1-Collaborate] 完成。结果已保存至：Results/Exp1_Motivation/Motivation2_Collaborate_cost/20260412_2157_system_cost.csv
[Exp1-Collaborate] 共 48 行 = 16 块 × 3 种带宽场景
