12:00:02  ============================================================
12:00:02  实验2：补偿方法基准测试
12:00:02  模型=resnet50  数据集=imagenet  设备=cuda:0
12:00:02  校准图像=4196  轮数=10  lr=0.001
12:00:02  ============================================================
12:00:14  测量 batch shape: torch.Size([64, 3, 224, 224])（固定，保证公平）

12:00:14  删除残差块数：1  (layer4.0 → layer4.0)

12:00:16  [0] full_residual（原始模型，保留所有残差）
12:01:51      精度  top1=80.12%  top5=95.24%  loss=1.4180
12:01:57      延迟  均值=81.160 ms  std=±21.338 ms
12:01:57      内存  峰值=779.67 MB  [cuda_allocator]
12:01:57      规模  params=25,557,032  MACs=4,087,138,304
12:01:57  
12:01:57  [1] plain（删除残差，无补偿）
12:03:42      精度  top1=74.96%  top5=92.61%  loss=1.8696
12:03:47      延迟  均值=85.074 ms  std=±22.815 ms
12:03:48      内存  峰值=880.39 MB  [cuda_allocator]
12:03:48      规模  params=25,557,032  MACs=4,087,138,304
12:03:48  
12:03:48  [2] linear1x1  (compensator=linear1x1, rank=0)
12:03:59      校准中（10 epochs, calib_size=4196, lr=0.0001）...
12:06:34      校准完成，最终 loss=0.325640
12:08:10      精度  top1=79.08%  top5=94.61%  loss=1.5414
12:08:15      延迟  均值=89.760 ms  std=±24.434 ms
12:08:15      内存  峰值=1080.06 MB  [cuda_allocator]
12:08:15      规模  params=45,691,688  MACs=4,292,659,200
12:08:15  
12:08:15  [3] low_rank_r8  (compensator=low_rank, rank=8)
12:08:27      校准中（10 epochs, calib_size=4196, lr=0.001）...
12:11:00      校准完成，最终 loss=0.418764
12:12:33      精度  top1=78.18%  top5=94.24%  loss=1.7104
12:12:39      延迟  均值=82.585 ms  std=±21.229 ms
12:12:39      内存  峰值=989.29 MB  [cuda_allocator]
12:12:39      规模  params=25,798,696  MACs=4,088,743,936
12:12:39  
12:12:39  [4] low_rank_r16  (compensator=low_rank, rank=16)
12:12:50      校准中（10 epochs, calib_size=4196, lr=0.001）...
12:15:23      校准完成，最终 loss=0.393889
12:16:58      精度  top1=78.53%  top5=94.38%  loss=1.6667
12:17:03      延迟  均值=81.268 ms  std=±21.434 ms
12:17:03      内存  峰值=989.34 MB  [cuda_allocator]
12:17:03      规模  params=26,040,360  MACs=4,090,349,568
12:17:03  
12:17:03  [5] low_rank_r32  (compensator=low_rank, rank=32)
12:17:14      校准中（10 epochs, calib_size=4196, lr=0.001）...
12:19:48      校准完成，最终 loss=0.370556
12:21:24      精度  top1=78.63%  top5=94.42%  loss=1.6184
12:21:29      延迟  均值=80.481 ms  std=±20.963 ms
12:21:29      内存  峰值=992.18 MB  [cuda_allocator]
12:21:29      规模  params=26,523,688  MACs=4,093,560,832
12:21:29  
12:21:29  [6] adapter  (compensator=adapter, rank=16)
12:21:40      校准中（10 epochs, calib_size=4196, lr=0.001）...
12:24:13      校准完成，最终 loss=0.392078
12:25:50      精度  top1=78.60%  top5=94.42%  loss=1.6575
12:25:54      延迟  均值=80.679 ms  std=±21.542 ms
12:25:54      内存  峰值=990.04 MB  [cuda_allocator]
12:25:54      规模  params=26,055,720  MACs=4,090,349,568
12:25:54  
12:25:54  结果已保存至：Results/Exp2_Compensator/20260415_1200_compensators_baseline.csv
12:25:54  
============================================================
12:25:54  摘要（按 Top-1 降序）
12:25:54  =============================================================
12:25:54  方法                 Top-1     延迟(ms)   内存(MB)    参数量
12:25:54  -------------------------------------------------------------
12:25:54  full_residual       80.12%     81.160     779.67   25,557,032
12:25:54  linear1x1           79.08%     89.760    1080.06   45,691,688
12:25:54  low_rank_r32        78.63%     80.481     992.18   26,523,688
12:25:54  adapter             78.60%     80.679     990.04   26,055,720
12:25:54  low_rank_r16        78.53%     81.268     989.34   26,040,360
12:25:54  low_rank_r8         78.18%     82.585     989.29   25,798,696
12:25:54  plain               74.96%     85.074     880.39   25,557,032
12:25:54  =============================================================
