09:34:08  ============================================================
09:34:08  实验2：补偿方法基准测试
09:34:08  模型=resnet50  数据集=imagenet  设备=cpu
09:34:08  校准图像=128  轮数=1  lr=0.001
09:34:08  ============================================================
09:34:20  测量 batch shape: torch.Size([64, 3, 224, 224])（固定，保证公平）

09:34:20  删除残差块数：1  (layer4.2 → layer4.2)

09:34:22  [0] full_residual（原始模型，保留所有残差）
09:34:54      精度  top1=90.78%  top5=98.12%  loss=1.0573
09:36:11      延迟  均值=3038.789 ms  std=±518.653 ms
09:36:13      内存  峰值=0.01 MB  [tracemalloc]
09:36:17      规模  params=25,557,032  MACs=4,087,138,304
09:36:17  
09:36:17  [1] plain（删除残差，无补偿）
09:36:56      精度  top1=55.78%  top5=80.00%  loss=6.0131
09:38:07      延迟  均值=2813.193 ms  std=±303.944 ms
09:38:10      内存  峰值=0.01 MB  [tracemalloc]
09:38:13      规模  params=25,557,032  MACs=4,087,138,304
09:38:13  
09:38:13  [2] scalar  (compensator=scalar, rank=0)
09:38:24      校准中（1 epochs, calib_size=128）...
09:38:36      校准完成，最终 loss=0.260573
09:39:08      精度  top1=55.78%  top5=80.00%  loss=6.0096
09:40:14      延迟  均值=2636.953 ms  std=±353.301 ms
09:40:16      内存  峰值=0.01 MB  [tracemalloc]
09:40:19      规模  params=25,557,048  MACs=4,087,138,304
09:40:19  
09:40:19  [3] affine  (compensator=affine, rank=0)
09:40:30      校准中（1 epochs, calib_size=128）...
09:40:44      校准完成，最终 loss=0.260564
09:41:07      精度  top1=55.78%  top5=80.00%  loss=6.0097
09:41:56      延迟  均值=1937.339 ms  std=±387.669 ms
09:41:57      内存  峰值=0.01 MB  [tracemalloc]
09:42:00      规模  params=25,587,240  MACs=4,087,138,304
09:42:00  
09:42:00  [4] linear1x1  (compensator=linear1x1, rank=0)
09:42:11      校准中（1 epochs, calib_size=128）...
09:42:26      校准完成，最终 loss=5.414517
09:42:57      精度  top1=0.00%  top5=3.75%  loss=6.8935
09:44:04      延迟  均值=2670.011 ms  std=±409.899 ms
09:44:07      内存  峰值=0.01 MB  [tracemalloc]
09:44:09      规模  params=45,691,688  MACs=4,292,659,200
09:44:09  
09:44:09  [5] low_rank_r4  (compensator=low_rank, rank=4)
09:44:20      校准中（1 epochs, calib_size=128）...
09:44:35      校准完成，最终 loss=7.122139
09:45:07      精度  top1=0.00%  top5=0.00%  loss=13.4293
09:46:17      延迟  均值=2806.516 ms  std=±431.398 ms
09:46:21      内存  峰值=0.01 MB  [tracemalloc]
09:46:23      规模  params=25,677,864  MACs=4,087,941,120
09:46:23  
09:46:23  [6] low_rank_r8  (compensator=low_rank, rank=8)
09:46:34      校准中（1 epochs, calib_size=128）...
09:46:50      校准完成，最终 loss=5.648595
09:47:29      精度  top1=0.00%  top5=0.00%  loss=10.9320
09:48:37      延迟  均值=2681.530 ms  std=±290.756 ms
09:48:40      内存  峰值=0.01 MB  [tracemalloc]
09:48:43      规模  params=25,798,696  MACs=4,088,743,936
09:48:43  
09:48:43  [7] low_rank_r16  (compensator=low_rank, rank=16)
09:48:54      校准中（1 epochs, calib_size=128）...
09:49:09      校准完成，最终 loss=5.441600
09:49:37      精度  top1=0.00%  top5=0.00%  loss=11.1344
09:50:47      延迟  均值=2722.531 ms  std=±327.528 ms
09:50:49      内存  峰值=0.01 MB  [tracemalloc]
09:50:52      规模  params=26,040,360  MACs=4,090,349,568
09:50:52  
09:50:52  [8] low_rank_r32  (compensator=low_rank, rank=32)
09:51:03      校准中（1 epochs, calib_size=128）...
09:51:15      校准完成，最终 loss=5.668695
09:51:45      精度  top1=0.00%  top5=2.19%  loss=10.1354
09:52:49      延迟  均值=2626.296 ms  std=±456.240 ms
09:52:52      内存  峰值=0.01 MB  [tracemalloc]
09:52:54      规模  params=26,523,688  MACs=4,093,560,832
09:52:54  
09:52:54  [9] adapter  (compensator=adapter, rank=16)
09:53:06      校准中（1 epochs, calib_size=128）...
09:53:21      校准完成，最终 loss=0.562646
09:53:59      精度  top1=0.00%  top5=0.00%  loss=6.9021
09:55:15      延迟  均值=3069.021 ms  std=±599.843 ms
09:55:18      内存  峰值=0.01 MB  [tracemalloc]
09:55:22      规模  params=26,055,720  MACs=4,090,349,568
09:55:22  
09:55:22  结果已保存至：Results/Exp2_Compensator/20260413_0934_compensators_baseline.csv
09:55:22  
============================================================
09:55:22  摘要（按 Top-1 降序）
09:55:22  ============================================================
09:55:22  方法                   Top-1     延迟(ms)     内存(MB)          参数量
09:55:22  ------------------------------------------------------------
09:55:22  full_residual       90.78%   3038.789       0.01   25,557,032
09:55:22  plain               55.78%   2813.193       0.01   25,557,032
09:55:22  scalar              55.78%   2636.953       0.01   25,557,048
09:55:22  affine              55.78%   1937.339       0.01   25,587,240
09:55:22  linear1x1            0.00%   2670.011       0.01   45,691,688
09:55:22  low_rank_r4          0.00%   2806.516       0.01   25,677,864
09:55:22  low_rank_r8          0.00%   2681.530       0.01   25,798,696
09:55:22  low_rank_r16         0.00%   2722.531       0.01   26,040,360
09:55:22  low_rank_r32         0.00%   2626.296       0.01   26,523,688
09:55:22  adapter              0.00%   3069.021       0.01   26,055,720
09:55:22  ============================================================
