09:07:32  ============================================================
09:07:32  实验2：补偿方法基准测试
09:07:32  模型=resnet50  数据集=cifar10  设备=cpu
09:07:32  校准图像=1024  轮数=3  lr=0.001
09:07:32  ============================================================
09:07:34  测量 batch shape: torch.Size([64, 3, 32, 32])（固定，保证公平）

09:07:34  删除残差块数：1  (layer4.2 → layer4.2)

09:07:34  [0] full_residual（原始模型，保留所有残差）
09:07:43      精度  top1=11.03%  top5=49.41%  loss=2.5939
09:07:44      延迟  均值=41.376 ms  std=±5.880 ms
09:07:44      内存  峰值=0.01 MB  [tracemalloc]
09:07:44      规模  params=23,528,522  MACs=83,412,992
09:07:44  
09:07:44  [1] plain（删除残差，无补偿）
09:07:54      精度  top1=11.08%  top5=51.38%  loss=2.3080
09:07:55      延迟  均值=38.198 ms  std=±1.353 ms
09:07:55      内存  峰值=0.01 MB  [tracemalloc]
09:07:55      规模  params=23,528,522  MACs=83,412,992
09:07:55  
09:07:55  [2] scalar  (compensator=scalar, rank=0)
09:07:58      校准中（3 epochs, calib_size=1024）...
09:08:08      校准完成，最终 loss=1.481765
09:08:15      精度  top1=11.07%  top5=51.36%  loss=2.3097
09:08:16      延迟  均值=44.570 ms  std=±0.366 ms
09:08:16      内存  峰值=0.01 MB  [tracemalloc]
09:08:16      规模  params=23,528,538  MACs=83,412,992
09:08:16  
09:08:16  [3] affine  (compensator=affine, rank=0)
09:08:18      校准中（3 epochs, calib_size=1024）...
09:08:28      校准完成，最终 loss=1.483436
09:08:36      精度  top1=11.12%  top5=51.29%  loss=2.3096
09:08:37      延迟  均值=43.815 ms  std=±0.281 ms
09:08:37      内存  峰值=0.01 MB  [tracemalloc]
09:08:37      规模  params=23,558,730  MACs=83,412,992
09:08:37  
09:08:37  [4] linear1x1  (compensator=linear1x1, rank=0)
09:08:40      校准中（3 epochs, calib_size=1024）...
09:08:51      校准完成，最终 loss=1.462940
09:09:00      精度  top1=10.98%  top5=52.62%  loss=2.3577
09:09:01      延迟  均值=56.996 ms  std=±0.365 ms
09:09:02      内存  峰值=0.01 MB  [tracemalloc]
09:09:02      规模  params=43,663,178  MACs=87,607,296
09:09:02  
09:09:02  [5] low_rank_r4  (compensator=low_rank, rank=4)
09:09:04      校准中（3 epochs, calib_size=1024）...
09:09:14      校准完成，最终 loss=1.870068
09:09:22      精度  top1=13.27%  top5=54.78%  loss=2.2980
09:09:23      延迟  均值=44.733 ms  std=±0.178 ms
09:09:23      内存  峰值=0.01 MB  [tracemalloc]
09:09:23      规模  params=23,649,354  MACs=83,429,376
09:09:23  
09:09:23  [6] low_rank_r8  (compensator=low_rank, rank=8)
09:09:26      校准中（3 epochs, calib_size=1024）...
09:09:36      校准完成，最终 loss=1.858227
09:09:44      精度  top1=10.32%  top5=48.90%  loss=2.3392
09:09:45      延迟  均值=40.196 ms  std=±1.893 ms
09:09:45      内存  峰值=0.01 MB  [tracemalloc]
09:09:45      规模  params=23,770,186  MACs=83,445,760
09:09:45  
09:09:45  [7] low_rank_r16  (compensator=low_rank, rank=16)
09:09:47      校准中（3 epochs, calib_size=1024）...
09:09:58      校准完成，最终 loss=1.808179
09:10:05      精度  top1=14.80%  top5=54.43%  loss=2.3233
09:10:07      延迟  均值=44.181 ms  std=±1.139 ms
09:10:07      内存  峰值=0.01 MB  [tracemalloc]
09:10:07      规模  params=24,011,850  MACs=83,478,528
09:10:07  
09:10:07  [8] low_rank_r32  (compensator=low_rank, rank=32)
09:10:09      校准中（3 epochs, calib_size=1024）...
09:10:20      校准完成，最终 loss=1.689086
09:10:28      精度  top1=12.24%  top5=51.77%  loss=2.3744
09:10:29      延迟  均值=45.307 ms  std=±0.809 ms
09:10:29      内存  峰值=0.01 MB  [tracemalloc]
09:10:29      规模  params=24,495,178  MACs=83,544,064
09:10:29  
09:10:29  [9] adapter  (compensator=adapter, rank=16)
09:10:32      校准中（3 epochs, calib_size=1024）...
09:10:42      校准完成，最终 loss=1.819461
09:10:50      精度  top1=10.00%  top5=48.55%  loss=2.3460
09:10:51      延迟  均值=49.101 ms  std=±10.571 ms
09:10:51      内存  峰值=0.01 MB  [tracemalloc]
09:10:51      规模  params=24,027,210  MACs=83,478,528
09:10:51  
09:10:51  结果已保存至：Results/Exp2_Compensator/20260413_0907_compensators_baseline.csv
09:10:51  
============================================================
09:10:51  摘要（按 Top-1 降序）
09:10:51  ============================================================
09:10:51  方法                   Top-1     延迟(ms)     内存(MB)          参数量
09:10:51  ------------------------------------------------------------
09:10:51  low_rank_r16        14.80%     44.181       0.01   24,011,850
09:10:51  low_rank_r4         13.27%     44.733       0.01   23,649,354
09:10:51  low_rank_r32        12.24%     45.307       0.01   24,495,178
09:10:51  affine              11.12%     43.815       0.01   23,558,730
09:10:51  plain               11.08%     38.198       0.01   23,528,522
09:10:51  scalar              11.07%     44.570       0.01   23,528,538
09:10:51  full_residual       11.03%     41.376       0.01   23,528,522
09:10:51  linear1x1           10.98%     56.996       0.01   43,663,178
09:10:51  low_rank_r8         10.32%     40.196       0.01   23,770,186
09:10:51  adapter             10.00%     49.101       0.01   24,027,210
09:10:51  ============================================================
