10:55:06  ============================================================
10:55:06  实验2：补偿方法基准测试
10:55:06  模型=resnet50  数据集=imagenet  设备=cuda:0
10:55:06  校准图像=4196  轮数=10  lr=0.001
10:55:06  ============================================================
10:55:18  测量 batch shape: torch.Size([64, 3, 224, 224])（固定，保证公平）

10:55:18  删除残差块数：1  (layer4.0 → layer4.0)

10:55:20  [0] full_residual（原始模型，保留所有残差）
10:56:54      精度  top1=80.12%  top5=95.24%  loss=1.4180
10:56:56      延迟  均值=69.381 ms  std=±2.459 ms
10:56:56      内存  峰值=779.67 MB  [cuda_allocator]
10:56:56      规模  params=25,557,032  MACs=4,087,138,304
10:56:56  
10:56:56  [1] plain（删除残差，无补偿）
10:58:41      精度  top1=74.96%  top5=92.61%  loss=1.8696
10:58:43      延迟  均值=71.131 ms  std=±8.679 ms
10:58:43      内存  峰值=880.39 MB  [cuda_allocator]
10:58:43      规模  params=25,557,032  MACs=4,087,138,304
10:58:43  
10:58:43  [2] linear1x1  (compensator=linear1x1, rank=0)
10:58:54      校准中（10 epochs, calib_size=4196, lr=0.0001）...
11:01:29      校准完成，最终 loss=0.325640
11:03:06      精度  top1=79.08%  top5=94.61%  loss=1.5414
11:03:08      延迟  均值=98.217 ms  std=±27.464 ms
11:03:08      内存  峰值=1080.06 MB  [cuda_allocator]
11:03:08      规模  params=45,691,688  MACs=4,292,659,200
11:03:08  
11:03:08  [3] low_rank_r8  (compensator=low_rank, rank=8)
11:03:20      校准中（10 epochs, calib_size=4196, lr=0.001）...
11:05:51      校准完成，最终 loss=0.418764
11:07:24      精度  top1=78.18%  top5=94.24%  loss=1.7104
11:07:26      延迟  均值=76.576 ms  std=±12.822 ms
11:07:26      内存  峰值=989.29 MB  [cuda_allocator]
11:07:26      规模  params=25,798,696  MACs=4,088,743,936
11:07:26  
11:07:26  [4] low_rank_r16  (compensator=low_rank, rank=16)
11:07:37      校准中（10 epochs, calib_size=4196, lr=0.001）...
11:10:08      校准完成，最终 loss=0.393888
11:11:42      精度  top1=78.53%  top5=94.38%  loss=1.6665
11:11:44      延迟  均值=96.778 ms  std=±25.120 ms
11:11:44      内存  峰值=989.34 MB  [cuda_allocator]
11:11:44      规模  params=26,040,360  MACs=4,090,349,568
11:11:44  
11:11:44  [5] low_rank_r32  (compensator=low_rank, rank=32)
11:11:55      校准中（10 epochs, calib_size=4196, lr=0.001）...
11:14:26      校准完成，最终 loss=0.370532
11:16:00      精度  top1=78.65%  top5=94.42%  loss=1.6180
11:16:02      延迟  均值=96.332 ms  std=±26.108 ms
11:16:02      内存  峰值=992.18 MB  [cuda_allocator]
11:16:02      规模  params=26,523,688  MACs=4,093,560,832
11:16:02  
11:16:02  [6] adapter  (compensator=adapter, rank=16)
11:16:14      校准中（10 epochs, calib_size=4196, lr=0.001）...
11:18:45      校准完成，最终 loss=0.392087
11:20:19      精度  top1=78.62%  top5=94.42%  loss=1.6580
11:20:21      延迟  均值=97.411 ms  std=±24.931 ms
11:20:21      内存  峰值=990.04 MB  [cuda_allocator]
11:20:21      规模  params=26,055,720  MACs=4,090,349,568
11:20:21  
11:20:21  结果已保存至：Results/Exp2_Compensator/20260415_1055_compensators_baseline.csv
11:20:21  
============================================================
11:20:21  摘要（按 Top-1 降序）
11:20:21  ============================================================
11:20:21  方法                   Top-1     延迟(ms)     内存(MB)          参数量
11:20:21  ------------------------------------------------------------
11:20:21  full_residual       80.12%     69.381     779.67   25,557,032
11:20:21  linear1x1           79.08%     98.217    1080.06   45,691,688
11:20:21  low_rank_r32        78.65%     96.332     992.18   26,523,688
11:20:21  adapter             78.62%     97.411     990.04   26,055,720
11:20:21  low_rank_r16        78.53%     96.778     989.34   26,040,360
11:20:21  low_rank_r8         78.18%     76.576     989.29   25,798,696
11:20:21  plain               74.96%     71.131     880.39   25,557,032
11:20:21  ============================================================
