10:07:10  ============================================================
10:07:10  实验2：补偿方法基准测试
10:07:10  模型=resnet50  数据集=imagenet  设备=cpu
10:07:10  校准图像=512  轮数=1  lr=0.001
10:07:10  ============================================================
10:07:22  测量 batch shape: torch.Size([64, 3, 224, 224])（固定，保证公平）

10:07:22  删除残差块数：1  (layer4.2 → layer4.2)

10:07:24  [0] full_residual（原始模型，保留所有残差）
10:07:46      精度  top1=90.78%  top5=98.12%  loss=1.0573
10:08:40      延迟  均值=2161.582 ms  std=±43.540 ms
10:08:42      内存  峰值=0.01 MB  [tracemalloc]
10:08:44      规模  params=25,557,032  MACs=4,087,138,304
10:08:44  
10:08:44  [1] plain（删除残差，无补偿）
10:09:18      精度  top1=55.78%  top5=80.00%  loss=6.0131
10:10:09      延迟  均值=2039.918 ms  std=±63.170 ms
10:10:11      内存  峰值=0.01 MB  [tracemalloc]
10:10:13      规模  params=25,557,032  MACs=4,087,138,304
10:10:13  
10:10:13  [2] scalar  (compensator=scalar, rank=0)
10:10:24      校准中（1 epochs, calib_size=512）...
10:10:44      校准完成，最终 loss=0.263890
10:10:59      精度  top1=55.78%  top5=80.00%  loss=6.0043
10:11:44      延迟  均值=1794.230 ms  std=±23.970 ms
10:11:46      内存  峰值=0.01 MB  [tracemalloc]
10:11:47      规模  params=25,557,048  MACs=4,087,138,304
10:11:47  
10:11:47  [3] affine  (compensator=affine, rank=0)
10:11:59      校准中（1 epochs, calib_size=512）...
10:12:14      校准完成，最终 loss=0.263874
10:12:30      精度  top1=55.78%  top5=80.00%  loss=6.0057
10:13:15      延迟  均值=1807.102 ms  std=±30.289 ms
10:13:16      内存  峰值=0.01 MB  [tracemalloc]
10:13:18      规模  params=25,587,240  MACs=4,087,138,304
10:13:18  
10:13:18  [4] linear1x1  (compensator=linear1x1, rank=0)
10:13:30      校准中（1 epochs, calib_size=512）...
10:13:46      校准完成，最终 loss=3.325106
10:14:04      精度  top1=8.12%  top5=17.50%  loss=6.7540
10:14:50      延迟  均值=1871.741 ms  std=±34.612 ms
10:14:52      内存  峰值=0.01 MB  [tracemalloc]
10:14:54      规模  params=45,691,688  MACs=4,292,659,200
10:14:54  
10:14:54  [5] low_rank_r4  (compensator=low_rank, rank=4)
10:15:06      校准中（1 epochs, calib_size=512）...
10:15:21      校准完成，最终 loss=0.256346
10:15:37      精度  top1=53.28%  top5=77.81%  loss=5.6460
10:16:26      延迟  均值=1943.860 ms  std=±45.882 ms
10:16:28      内存  峰值=0.01 MB  [tracemalloc]
10:16:30      规模  params=25,677,864  MACs=4,087,941,120
10:16:30  
10:16:30  [6] low_rank_r8  (compensator=low_rank, rank=8)
10:16:41      校准中（1 epochs, calib_size=512）...
10:16:57      校准完成，最终 loss=0.257688
10:17:12      精度  top1=55.16%  top5=82.19%  loss=5.5916
10:17:58      延迟  均值=1833.246 ms  std=±21.918 ms
10:18:00      内存  峰值=0.01 MB  [tracemalloc]
10:18:02      规模  params=25,798,696  MACs=4,088,743,936
10:18:02  
10:18:02  [7] low_rank_r16  (compensator=low_rank, rank=16)
10:18:13      校准中（1 epochs, calib_size=512）...
10:18:29      校准完成，最终 loss=0.251505
10:18:48      精度  top1=56.25%  top5=81.72%  loss=5.7880
10:19:34      延迟  均值=1833.923 ms  std=±38.687 ms
10:19:36      内存  峰值=0.01 MB  [tracemalloc]
10:19:38      规模  params=26,040,360  MACs=4,090,349,568
10:19:38  
10:19:38  [8] low_rank_r32  (compensator=low_rank, rank=32)
10:19:49      校准中（1 epochs, calib_size=512）...
10:20:04      校准完成，最终 loss=0.250852
10:20:25      精度  top1=58.28%  top5=82.66%  loss=5.6934
10:21:13      延迟  均值=1955.534 ms  std=±40.285 ms
10:21:15      内存  峰值=0.01 MB  [tracemalloc]
10:21:17      规模  params=26,523,688  MACs=4,093,560,832
10:21:17  
10:21:17  [9] adapter  (compensator=adapter, rank=16)
10:21:28      校准中（1 epochs, calib_size=512）...
10:21:45      校准完成，最终 loss=0.257332
10:22:05      精度  top1=55.47%  top5=80.78%  loss=5.7588
10:22:54      延迟  均值=1947.875 ms  std=±13.226 ms
10:22:56      内存  峰值=0.01 MB  [tracemalloc]
10:22:58      规模  params=26,055,720  MACs=4,090,349,568
10:22:58  
10:22:58  结果已保存至：Results/Exp2_Compensator/20260413_1007_compensators_baseline.csv
10:22:58  
============================================================
10:22:58  摘要（按 Top-1 降序）
10:22:58  ============================================================
10:22:58  方法                   Top-1     延迟(ms)     内存(MB)          参数量
10:22:58  ------------------------------------------------------------
10:22:58  full_residual       90.78%   2161.582       0.01   25,557,032
10:22:58  low_rank_r32        58.28%   1955.534       0.01   26,523,688
10:22:58  low_rank_r16        56.25%   1833.923       0.01   26,040,360
10:22:58  plain               55.78%   2039.918       0.01   25,557,032
10:22:58  scalar              55.78%   1794.230       0.01   25,557,048
10:22:58  affine              55.78%   1807.102       0.01   25,587,240
10:22:58  adapter             55.47%   1947.875       0.01   26,055,720
10:22:58  low_rank_r8         55.16%   1833.246       0.01   25,798,696
10:22:58  low_rank_r4         53.28%   1943.860       0.01   25,677,864
10:22:58  linear1x1            8.12%   1871.741       0.01   45,691,688
10:22:58  ============================================================
