10:05:28  ============================================================
10:05:28  实验2：补偿方法基准测试
10:05:28  模型=resnet50  数据集=imagenet  设备=cuda:0
10:05:28  校准图像=8192  轮数=10  lr=0.001
10:05:28  ============================================================
10:05:40  测量 batch shape: torch.Size([64, 3, 224, 224])（固定，保证公平）

10:05:40  删除残差块数：1  (layer2.2 → layer2.2)

10:05:42  [0] full_residual（原始模型，保留所有残差）
10:07:16      精度  top1=80.12%  top5=95.24%  loss=1.4180
10:07:18      延迟  均值=72.517 ms  std=±7.604 ms
10:07:18      内存  峰值=779.67 MB  [cuda_allocator]
10:07:18      规模  params=25,557,032  MACs=4,087,138,304
10:07:18  
10:07:18  [1] plain（删除残差，无补偿）
10:09:03      精度  top1=0.21%  top5=0.75%  loss=7.3240
10:09:06      延迟  均值=96.204 ms  std=±25.292 ms
10:09:06      内存  峰值=880.39 MB  [cuda_allocator]
10:09:06      规模  params=25,557,032  MACs=4,087,138,304
10:09:06  
10:09:06  [2] linear1x1  (compensator=linear1x1, rank=0)
10:09:17      校准中（10 epochs, calib_size=8192, lr=0.0001）...
10:15:14      校准完成，最终 loss=1.221093
10:16:52      精度  top1=0.77%  top5=2.28%  loss=6.8349
10:16:54      延迟  均值=72.758 ms  std=±2.938 ms
10:16:54      内存  峰值=1065.06 MB  [cuda_allocator]
10:16:54      规模  params=45,691,688  MACs=4,292,659,200
10:16:54  
10:16:54  [3] low_rank_r8  (compensator=low_rank, rank=8)
10:17:05      校准中（10 epochs, calib_size=8192, lr=0.001）...
10:22:50      校准完成，最终 loss=1.340595
10:24:27      精度  top1=0.60%  top5=1.86%  loss=6.8668
10:24:28      延迟  均值=70.451 ms  std=±3.930 ms
10:24:29      内存  峰值=991.20 MB  [cuda_allocator]
10:24:29      规模  params=25,798,696  MACs=4,093,560,832
10:24:29  
10:24:29  [4] low_rank_r16  (compensator=low_rank, rank=16)
10:24:40      校准中（10 epochs, calib_size=8192, lr=0.001）...
10:30:27      校准完成，最终 loss=1.300926
10:32:02      精度  top1=0.68%  top5=2.01%  loss=6.8493
10:32:03      延迟  均值=72.148 ms  std=±10.082 ms
10:32:04      内存  峰值=990.15 MB  [cuda_allocator]
10:32:04      规模  params=26,040,360  MACs=4,099,983,360
10:32:04  
10:32:04  [5] low_rank_r32  (compensator=low_rank, rank=32)
10:32:15      校准中（10 epochs, calib_size=8192, lr=0.001）...
10:38:06      校准完成，最终 loss=1.152401
10:39:41      精度  top1=50.20%  top5=75.82%  loss=3.3783
10:39:43      延迟  均值=95.866 ms  std=±25.644 ms
10:39:43      内存  峰值=994.81 MB  [cuda_allocator]
10:39:43      规模  params=26,523,688  MACs=4,112,828,416
10:39:43  
10:39:43  [6] adapter  (compensator=adapter, rank=16)
10:39:54      校准中（10 epochs, calib_size=8192, lr=0.001）...
10:45:45      校准完成，最终 loss=1.317465
10:47:20      精度  top1=0.99%  top5=2.99%  loss=6.8324
10:47:23      延迟  均值=97.396 ms  std=±26.398 ms
10:47:23      内存  峰值=989.72 MB  [cuda_allocator]
10:47:23      规模  params=26,055,720  MACs=4,099,983,360
10:47:23  
10:47:23  结果已保存至：Results/Exp2_Compensator/20260415_1005_compensators_baseline.csv
10:47:23  
============================================================
10:47:23  摘要（按 Top-1 降序）
10:47:23  ============================================================
10:47:23  方法                   Top-1     延迟(ms)     内存(MB)          参数量
10:47:23  ------------------------------------------------------------
10:47:23  full_residual       80.12%     72.517     779.67   25,557,032
10:47:23  low_rank_r32        50.20%     95.866     994.81   26,523,688
10:47:23  adapter              0.99%     97.396     989.72   26,055,720
10:47:23  linear1x1            0.77%     72.758    1065.06   45,691,688
10:47:23  low_rank_r16         0.68%     72.147     990.15   26,040,360
10:47:23  low_rank_r8          0.60%     70.451     991.20   25,798,696
10:47:23  plain                0.21%     96.204     880.39   25,557,032
10:47:23  ============================================================
