15:51:53  ============================================================
15:51:53  实验2：补偿方法基准测试
15:51:53  模型=resnet50  数据集=imagenet  设备=cuda:0
15:51:53  校准图像=4096  轮数=10  lr=0.001
15:51:53  ============================================================
15:52:02  测量 batch shape: torch.Size([64, 3, 224, 224])（固定，保证公平）

15:52:02  删除残差块数：1  (layer4.2 → layer4.2)

15:52:05  [0] full_residual（原始模型，保留所有残差）
15:53:37      精度  top1=80.12%  top5=95.24%  loss=1.4180
15:53:39      延迟  均值=57.051 ms  std=±0.134 ms
15:53:39      内存  峰值=779.67 MB  [cuda_allocator]
15:53:39      规模  params=25,557,032  MACs=4,087,138,304
15:53:39  
15:53:39  [1] plain（删除残差，无补偿）
15:55:24      精度  top1=40.73%  top5=64.95%  loss=6.0570
15:55:25      延迟  均值=56.880 ms  std=±0.090 ms
15:55:25      内存  峰值=880.39 MB  [cuda_allocator]
15:55:25      规模  params=25,557,032  MACs=4,087,138,304
15:55:25  
15:55:25  [2] scalar  (compensator=scalar, rank=0)
15:55:36      校准中（10 epochs, calib_size=4096, lr=0.001）...
15:57:31      校准完成，最终 loss=0.400088
15:59:05      精度  top1=40.95%  top5=65.26%  loss=5.6280
15:59:06      延迟  均值=56.917 ms  std=±0.080 ms
15:59:06      内存  峰值=987.13 MB  [cuda_allocator]
15:59:06      规模  params=25,557,048  MACs=4,087,138,304
15:59:06  
15:59:06  [3] affine  (compensator=affine, rank=0)
15:59:18      校准中（10 epochs, calib_size=4096, lr=0.001）...
16:00:58      校准完成，最终 loss=0.374806
16:02:30      精度  top1=44.74%  top5=71.52%  loss=5.4984
16:02:31      延迟  均值=56.991 ms  std=±0.104 ms
16:02:32      内存  峰值=987.75 MB  [cuda_allocator]
16:02:32      规模  params=25,587,240  MACs=4,087,138,304
16:02:32  
16:02:32  [4] linear1x1  (compensator=linear1x1, rank=0)
16:02:43      校准中（10 epochs, calib_size=4096, lr=0.0001）...
16:04:26      校准完成，最终 loss=0.266250
16:05:59      精度  top1=69.53%  top5=91.71%  loss=3.2943
16:06:01      延迟  均值=59.220 ms  std=±0.107 ms
16:06:01      内存  峰值=1081.62 MB  [cuda_allocator]
16:06:01      规模  params=45,691,688  MACs=4,292,659,200
16:06:01  
16:06:01  [5] low_rank_r4  (compensator=low_rank, rank=4)
16:06:12      校准中（10 epochs, calib_size=4096, lr=0.001）...
16:07:54      校准完成，最终 loss=0.349880
16:09:31      精度  top1=49.80%  top5=77.15%  loss=4.9738
16:09:32      延迟  均值=59.667 ms  std=±7.198 ms
16:09:32      内存  峰值=989.21 MB  [cuda_allocator]
16:09:32      规模  params=25,677,864  MACs=4,087,941,120
16:09:32  
16:09:32  [6] low_rank_r8  (compensator=low_rank, rank=8)
16:09:43      校准中（10 epochs, calib_size=4096, lr=0.001）...
16:11:28      校准完成，最终 loss=0.337157
16:13:02      精度  top1=52.47%  top5=79.96%  loss=4.8576
16:13:03      延迟  均值=58.631 ms  std=±3.451 ms
16:13:03      内存  峰值=988.17 MB  [cuda_allocator]
16:13:03      规模  params=25,798,696  MACs=4,088,743,936
16:13:03  
16:13:03  [7] low_rank_r16  (compensator=low_rank, rank=16)
16:13:14      校准中（10 epochs, calib_size=4096, lr=0.001）...
16:14:58      校准完成，最终 loss=0.321569
16:16:31      精度  top1=55.54%  top5=82.78%  loss=4.6038
16:16:33      延迟  均值=57.156 ms  std=±0.108 ms
16:16:33      内存  峰值=990.22 MB  [cuda_allocator]
16:16:33      规模  params=26,040,360  MACs=4,090,349,568
16:16:33  
16:16:33  [8] low_rank_r32  (compensator=low_rank, rank=32)
16:16:44      校准中（10 epochs, calib_size=4096, lr=0.001）...
16:18:27      校准完成，最终 loss=0.299834
16:20:03      精度  top1=61.69%  top5=87.29%  loss=3.9061
16:20:05      延迟  均值=57.383 ms  std=±0.142 ms
16:20:05      内存  峰值=992.50 MB  [cuda_allocator]
16:20:05      规模  params=26,523,688  MACs=4,093,560,832
16:20:05  
16:20:05  [9] adapter  (compensator=adapter, rank=16)
16:20:16      校准中（10 epochs, calib_size=4096, lr=0.001）...
16:22:00      校准完成，最终 loss=0.332259
16:23:34      精度  top1=53.55%  top5=81.37%  loss=4.7668
16:23:35      延迟  均值=58.764 ms  std=±3.763 ms
16:23:35      内存  峰值=991.10 MB  [cuda_allocator]
16:23:35      规模  params=26,055,720  MACs=4,090,349,568
16:23:35  
16:23:35  结果已保存至：Results/Exp2_Compensator/20260413_1551_compensators_baseline.csv
16:23:35  
============================================================
16:23:35  摘要（按 Top-1 降序）
16:23:35  ============================================================
16:23:35  方法                   Top-1     延迟(ms)     内存(MB)          参数量
16:23:35  ------------------------------------------------------------
16:23:35  full_residual       80.12%     57.051     779.67   25,557,032
16:23:35  linear1x1           69.53%     59.220    1081.62   45,691,688
16:23:35  low_rank_r32        61.69%     57.383     992.50   26,523,688
16:23:35  low_rank_r16        55.54%     57.156     990.22   26,040,360
16:23:35  adapter             53.55%     58.764     991.10   26,055,720
16:23:35  low_rank_r8         52.47%     58.631     988.17   25,798,696
16:23:35  low_rank_r4         49.80%     59.667     989.21   25,677,864
16:23:35  affine              44.74%     56.992     987.75   25,587,240
16:23:35  scalar              40.95%     56.917     987.13   25,557,048
16:23:35  plain               40.73%     56.880     880.39   25,557,032
16:23:35  ============================================================
