配置加载自：Configs/default_env.yaml
[setup] 运行设备：cuda:0
[setup] 数据集：imagenet，图片尺寸：224×224，类别数：1000
[setup] batch_size：128，验证集批次数：8，num_workers：8
[setup] 模型：resnet50，残差块数：16，预训练：True

[Exp1] 开始精度下降实验
[Exp1] 共 16 个残差块，将依次从最后一个开始删除
[Exp1] 结果将写入：Results/Exp1_Motivation/Motivation3_Acc_drop/20260412_2157_acc_drop.csv

[0/16] 评估 baseline（full mode，保留所有残差）...
          loss=1.0015  top1=92.80%  top5=98.30%
[1/16] 删除最后 1 个块（layer4.2 → layer4.2）...
          loss=5.7623  top1=68.20%  top5=86.00%  drop=+24.60%
[2/16] 删除最后 2 个块（layer4.1 → layer4.2）...
          loss=4.9176  top1=60.80%  top5=81.30%  drop=+32.00%
[3/16] 删除最后 3 个块（layer4.0 → layer4.2）...
          loss=4.2552  top1=72.70%  top5=91.50%  drop=+20.10%
[4/16] 删除最后 4 个块（layer3.5 → layer4.2）...
          loss=7.1223  top1=0.20%  top5=0.80%  drop=+92.60%
[5/16] 删除最后 5 个块（layer3.4 → layer4.2）...
          loss=6.8488  top1=0.00%  top5=0.00%  drop=+92.80%
[6/16] 删除最后 6 个块（layer3.3 → layer4.2）...
          loss=6.8402  top1=0.00%  top5=0.00%  drop=+92.80%
[7/16] 删除最后 7 个块（layer3.2 → layer4.2）...
          loss=6.8532  top1=0.00%  top5=0.00%  drop=+92.80%
[8/16] 删除最后 8 个块（layer3.1 → layer4.2）...
          loss=6.8681  top1=0.00%  top5=0.00%  drop=+92.80%
[9/16] 删除最后 9 个块（layer3.0 → layer4.2）...
          loss=6.8781  top1=0.00%  top5=0.00%  drop=+92.80%
[10/16] 删除最后 10 个块（layer2.3 → layer4.2）...
          loss=6.8983  top1=0.00%  top5=0.00%  drop=+92.80%
[11/16] 删除最后 11 个块（layer2.2 → layer4.2）...
          loss=6.9138  top1=0.00%  top5=0.00%  drop=+92.80%
[12/16] 删除最后 12 个块（layer2.1 → layer4.2）...
          loss=6.9135  top1=0.00%  top5=0.00%  drop=+92.80%
[13/16] 删除最后 13 个块（layer2.0 → layer4.2）...
          loss=6.9135  top1=0.00%  top5=0.00%  drop=+92.80%
[14/16] 删除最后 14 个块（layer1.2 → layer4.2）...
          loss=6.9135  top1=0.00%  top5=0.00%  drop=+92.80%
[15/16] 删除最后 15 个块（layer1.1 → layer4.2）...
          loss=6.9124  top1=0.00%  top5=0.00%  drop=+92.80%
[16/16] 删除最后 16 个块（layer1.0 → layer4.2）...
          loss=6.8957  top1=0.00%  top5=0.00%  drop=+92.80%

[Exp1] 完成。结果已保存至：Results/Exp1_Motivation/Motivation3_Acc_drop/20260412_2157_acc_drop.csv
