Traceback (most recent call last):
  File "/root/miniconda3/envs/ResidualRemove/lib/python3.10/runpy.py", line 196, in _run_module_as_main
    return _run_code(code, main_globals, None,
  File "/root/miniconda3/envs/ResidualRemove/lib/python3.10/runpy.py", line 86, in _run_code
    exec(code, run_globals)
  File "/home/ResidualRemove/Scripts/Exp1_Motivation/run1_inference_cost.py", line 234, in <module>
    main()
  File "/home/ResidualRemove/Scripts/Exp1_Motivation/run1_inference_cost.py", line 109, in main
    setup = build_setup(args, compensator_name="identity")
  File "/home/ResidualRemove/Scripts/common.py", line 168, in build_setup
    ).to(device)
  File "/root/miniconda3/envs/ResidualRemove/lib/python3.10/site-packages/torch/nn/modules/module.py", line 1340, in to
    return self._apply(convert)
  File "/root/miniconda3/envs/ResidualRemove/lib/python3.10/site-packages/torch/nn/modules/module.py", line 900, in _apply
    module._apply(fn)
  File "/root/miniconda3/envs/ResidualRemove/lib/python3.10/site-packages/torch/nn/modules/module.py", line 900, in _apply
    module._apply(fn)
  File "/root/miniconda3/envs/ResidualRemove/lib/python3.10/site-packages/torch/nn/modules/module.py", line 900, in _apply
    module._apply(fn)
  [Previous line repeated 2 more times]
  File "/root/miniconda3/envs/ResidualRemove/lib/python3.10/site-packages/torch/nn/modules/module.py", line 927, in _apply
    param_applied = fn(param)
  File "/root/miniconda3/envs/ResidualRemove/lib/python3.10/site-packages/torch/nn/modules/module.py", line 1326, in convert
    return t.to(
torch.OutOfMemoryError: CUDA out of memory. Tried to allocate 20.00 MiB. GPU 0 has a total capacity of 31.74 GiB of which 7.12 MiB is free. Process 51257 has 26.15 GiB memory in use. Process 68350 has 5.27 GiB memory in use. Including non-PyTorch memory, this process has 314.00 MiB memory in use. Of the allocated memory 6.07 MiB is allocated by PyTorch, and 1.93 MiB is reserved by PyTorch but unallocated. If reserved but unallocated memory is large try setting PYTORCH_CUDA_ALLOC_CONF=expandable_segments:True to avoid fragmentation.  See documentation for Memory Management  (https://pytorch.org/docs/stable/notes/cuda.html#environment-variables)
