[setup] 配置加载自：Configs/default_env.yaml
[setup] 运行设备：cpu
[setup] 随机种子：42
[setup] 数据集：imagenet，图片尺寸：224×224
[setup] 数据来源：imagenet，类别数：1000
[setup] 验证集批次数：6250
[setup] 模型：resnet50，残差块数：16，预训练：True
[警告] 未检测到 CUDA 设备，峰值内存列将显示 -1（不可测）。
[警告] 推理延迟对比在 CPU 上仍然有效，但效果不如 GPU 显著。


[Exp1-Memory] 模型：resnet50，共 16 个残差块
[Exp1-Memory] 延迟测量：预热 5 次，正式 20 次
[Exp1-Memory] 结果将写入：Results/Exp1_Motivation/Motivation1_Inference_cost/memory_cost.csv

[Exp1-Memory] 测量 batch：torch.Size([8, 3, 224, 224])（固定，保证对比公平）

[0/16] 测量 baseline（full mode，保留所有残差）...
          峰值显存：N/A  延迟：156.658 ms
[1/16] 删除最后 1 个块（layer4.2 → layer4.2）...
          峰值显存：N/A  延迟：152.454 ms  加速比：1.028×
[2/16] 删除最后 2 个块（layer4.1 → layer4.2）...
          峰值显存：N/A  延迟：161.114 ms  加速比：0.972×
[3/16] 删除最后 3 个块（layer4.0 → layer4.2）...
          峰值显存：N/A  延迟：153.501 ms  加速比：1.021×
[4/16] 删除最后 4 个块（layer3.5 → layer4.2）...
          峰值显存：N/A  延迟：151.132 ms  加速比：1.037×
[5/16] 删除最后 5 个块（layer3.4 → layer4.2）...
          峰值显存：N/A  延迟：153.929 ms  加速比：1.018×
[6/16] 删除最后 6 个块（layer3.3 → layer4.2）...
          峰值显存：N/A  延迟：153.471 ms  加速比：1.021×
[7/16] 删除最后 7 个块（layer3.2 → layer4.2）...
          峰值显存：N/A  延迟：154.293 ms  加速比：1.015×
[8/16] 删除最后 8 个块（layer3.1 → layer4.2）...
          峰值显存：N/A  延迟：153.947 ms  加速比：1.018×
[9/16] 删除最后 9 个块（layer3.0 → layer4.2）...
          峰值显存：N/A  延迟：152.736 ms  加速比：1.026×
[10/16] 删除最后 10 个块（layer2.3 → layer4.2）...
          峰值显存：N/A  延迟：154.890 ms  加速比：1.011×
[11/16] 删除最后 11 个块（layer2.2 → layer4.2）...
          峰值显存：N/A  延迟：151.884 ms  加速比：1.031×
[12/16] 删除最后 12 个块（layer2.1 → layer4.2）...
          峰值显存：N/A  延迟：151.874 ms  加速比：1.031×
[13/16] 删除最后 13 个块（layer2.0 → layer4.2）...
          峰值显存：N/A  延迟：151.582 ms  加速比：1.033×
[14/16] 删除最后 14 个块（layer1.2 → layer4.2）...
          峰值显存：N/A  延迟：150.570 ms  加速比：1.040×
[15/16] 删除最后 15 个块（layer1.1 → layer4.2）...
          峰值显存：N/A  延迟：149.144 ms  加速比：1.050×
[16/16] 删除最后 16 个块（layer1.0 → layer4.2）...
          峰值显存：N/A  延迟：148.458 ms  加速比：1.055×

[Exp1-Memory] 完成。结果已保存至：Results/Exp1_Motivation/Motivation1_Inference_cost/memory_cost.csv

[Exp1-Memory] ── 删除全部残差块时的综合收益摘要 ──
  推理延迟：156.658 ms → 148.458 ms（加速比 1.055×）
