[setup] 配置加载自：Configs/default_env.yaml
[setup] 运行设备：cpu
[setup] 随机种子：42
[setup] 数据集：imagenet，图片尺寸：224×224
[setup] 数据来源：imagenet，类别数：1000
[setup] 验证集批次数：50000
[setup] 模型：resnet50，残差块数：16，预训练：True

[Exp1-System] 模型：resnet50
[Exp1-System] 带宽场景：[1.0, 10.0, 100.0] Mbps
[Exp1-System] 协议固定开销：2.0 ms
[Exp1-System] 序列化重复次数：20
[Exp1-System] 结果将写入：Results/Exp1_Motivation/Motivation2_Collaborate_cost/20260411_2352_system_cost.csv

[Exp1-System] 运行 full mode 前向，收集中间张量...
[Exp1-System] 采集到 16 个残差块

[Exp1-System] 正在测量序列化耗时（每个块需要约数秒）...
  layer1.0: DAG 序列化=5.427 ms  链式序列化=2.652 ms  节省=2.775 ms
  layer1.1: DAG 序列化=5.845 ms  链式序列化=3.223 ms  节省=2.622 ms
  layer1.2: DAG 序列化=6.531 ms  链式序列化=3.119 ms  节省=3.413 ms
  layer2.0: DAG 序列化=2.857 ms  链式序列化=1.276 ms  节省=1.581 ms
  layer2.1: DAG 序列化=3.086 ms  链式序列化=1.529 ms  节省=1.558 ms
  layer2.2: DAG 序列化=3.880 ms  链式序列化=1.698 ms  节省=2.182 ms
  layer2.3: DAG 序列化=3.220 ms  链式序列化=1.227 ms  节省=1.993 ms
  layer3.0: DAG 序列化=1.586 ms  链式序列化=0.821 ms  节省=0.766 ms
  layer3.1: DAG 序列化=1.682 ms  链式序列化=0.751 ms  节省=0.931 ms
  layer3.2: DAG 序列化=1.924 ms  链式序列化=0.789 ms  节省=1.135 ms
  layer3.3: DAG 序列化=1.787 ms  链式序列化=1.156 ms  节省=0.631 ms
  layer3.4: DAG 序列化=2.319 ms  链式序列化=1.089 ms  节省=1.231 ms
  layer3.5: DAG 序列化=1.882 ms  链式序列化=0.524 ms  节省=1.358 ms
  layer4.0: DAG 序列化=0.672 ms  链式序列化=0.318 ms  节省=0.355 ms
  layer4.1: DAG 序列化=0.646 ms  链式序列化=0.318 ms  节省=0.329 ms
  layer4.2: DAG 序列化=0.642 ms  链式序列化=0.317 ms  节省=0.325 ms

[Exp1-System] 组合数据量 + 序列化 + 传输延迟 + 总系统时间...

[Exp1-System] 完成。结果已保存至：Results/Exp1_Motivation/Motivation2_Collaborate_cost/20260411_2352_system_cost.csv
[Exp1-System] 共 48 行 = 16 块 × 3 种带宽场景
