[setup] 配置加载自：Configs/default_env.yaml
[setup] 运行设备：cuda:0
[setup] 随机种子：42
[setup] 数据集：imagenet，图片尺寸：224×224
[setup] 数据来源：imagenet，类别数：1000
[setup] 验证集批次数：50000
[setup] 模型：resnet50，残差块数：16，预训练：True

[Exp1-System] 模型：resnet50
[Exp1-System] 带宽场景：[1.0, 10.0, 100.0] Mbps
[Exp1-System] 协议固定开销：2.0 ms
[Exp1-System] 序列化重复次数：20
[Exp1-System] 结果将写入：Results/Exp1_Motivation/Motivation2_Collaborate_cost/20260412_1510_system_cost.csv

[Exp1-System] 运行 full mode 前向，收集中间张量...
[Exp1-System] 采集到 16 个残差块

[Exp1-System] 正在测量序列化耗时（每个块需要约数秒）...
  layer1.0: DAG 序列化=4.184 ms  链式序列化=1.965 ms  节省=2.218 ms
  layer1.1: DAG 序列化=4.136 ms  链式序列化=2.068 ms  节省=2.068 ms
  layer1.2: DAG 序列化=4.073 ms  链式序列化=2.097 ms  节省=1.976 ms
  layer2.0: DAG 序列化=2.180 ms  链式序列化=1.081 ms  节省=1.099 ms
  layer2.1: DAG 序列化=2.171 ms  链式序列化=1.086 ms  节省=1.086 ms
  layer2.2: DAG 序列化=2.171 ms  链式序列化=1.090 ms  节省=1.081 ms
  layer2.3: DAG 序列化=2.180 ms  链式序列化=1.089 ms  节省=1.091 ms
  layer3.0: DAG 序列化=1.105 ms  链式序列化=0.551 ms  节省=0.554 ms
  layer3.1: DAG 序列化=1.102 ms  链式序列化=0.551 ms  节省=0.551 ms
  layer3.2: DAG 序列化=1.104 ms  链式序列化=0.551 ms  节省=0.553 ms
  layer3.3: DAG 序列化=1.106 ms  链式序列化=0.550 ms  节省=0.556 ms
  layer3.4: DAG 序列化=1.104 ms  链式序列化=0.552 ms  节省=0.553 ms
  layer3.5: DAG 序列化=1.106 ms  链式序列化=0.554 ms  节省=0.551 ms
  layer4.0: DAG 序列化=0.728 ms  链式序列化=0.362 ms  节省=0.366 ms
  layer4.1: DAG 序列化=0.724 ms  链式序列化=0.362 ms  节省=0.362 ms
  layer4.2: DAG 序列化=0.723 ms  链式序列化=0.362 ms  节省=0.362 ms

[Exp1-System] 组合数据量 + 序列化 + 传输延迟 + 总系统时间...

[Exp1-System] 完成。结果已保存至：Results/Exp1_Motivation/Motivation2_Collaborate_cost/20260412_1510_system_cost.csv
[Exp1-System] 共 48 行 = 16 块 × 3 种带宽场景
