[setup] 配置加载自：Configs/default_env.yaml
[setup] 运行设备：cpu
[setup] 随机种子：42
[setup] 数据集：imagenet，图片尺寸：224×224
[setup] 数据来源：imagenet，类别数：1000
[setup] 验证集批次数：50000
[setup] 模型：resnet50，残差块数：16，预训练：True

[Exp1-System] 模型：resnet50
[Exp1-System] 带宽场景：[1.0, 10.0, 100.0] Mbps
[Exp1-System] 协议固定开销：2.0 ms
[Exp1-System] 序列化重复次数：20
[Exp1-System] 结果将写入：Results/Exp1_Motivation/Motivation2_Collaborate_cost/system_cost.csv

[Exp1-System] 运行 full mode 前向，收集中间张量...
[Exp1-System] 采集到 16 个残差块

[Exp1-System] 正在测量序列化耗时（每个块需要约数秒）...
  layer1.0: DAG 序列化=3.914 ms  链式序列化=1.910 ms  节省=2.004 ms
  layer1.1: DAG 序列化=3.903 ms  链式序列化=2.093 ms  节省=1.810 ms
  layer1.2: DAG 序列化=4.368 ms  链式序列化=1.915 ms  节省=2.453 ms
  layer2.0: DAG 序列化=2.128 ms  链式序列化=1.060 ms  节省=1.068 ms
  layer2.1: DAG 序列化=2.117 ms  链式序列化=1.057 ms  节省=1.060 ms
  layer2.2: DAG 序列化=2.118 ms  链式序列化=1.063 ms  节省=1.056 ms
  layer2.3: DAG 序列化=2.118 ms  链式序列化=1.059 ms  节省=1.059 ms
  layer3.0: DAG 序列化=1.108 ms  链式序列化=0.596 ms  节省=0.512 ms
  layer3.1: DAG 序列化=1.147 ms  链式序列化=0.848 ms  节省=0.299 ms
  layer3.2: DAG 序列化=1.503 ms  链式序列化=0.556 ms  节省=0.947 ms
  layer3.3: DAG 序列化=1.100 ms  链式序列化=0.556 ms  节省=0.543 ms
  layer3.4: DAG 序列化=1.096 ms  链式序列化=0.547 ms  节省=0.549 ms
  layer3.5: DAG 序列化=1.110 ms  链式序列化=0.547 ms  节省=0.563 ms
  layer4.0: DAG 序列化=0.743 ms  链式序列化=0.370 ms  节省=0.373 ms
  layer4.1: DAG 序列化=0.732 ms  链式序列化=0.366 ms  节省=0.366 ms
  layer4.2: DAG 序列化=0.726 ms  链式序列化=0.362 ms  节省=0.364 ms

[Exp1-System] 组合数据量 + 序列化 + 传输延迟 + 总系统时间...

[Exp1-System] 完成。结果已保存至：Results/Exp1_Motivation/Motivation2_Collaborate_cost/system_cost.csv
[Exp1-System] 共 48 行 = 16 块 × 3 种带宽场景
