22:39:28  
[setup-hardw]	cuda:0		num_workers：4		种子：42
[setup-model]	resnet50	残差块数：16		预训练：True
[setup- data]	imagenet100	图片尺寸：224×224	类别数：100
[setup-batch]	64		验证批次：396

22:39:29  
================================================================================
[Exp2]	 补偿方法对比
[Exp2]	 calib_size:4196	 epochs:10	 lr:0.001
[Exp2]	 removed_block:1	 (layer2.2 → layer2.2)
[Exp2]	 batch_size:64		 batch shape: torch.Size([64, 3, 224, 224])（固定）
================================================================================


22:39:29  [0] full_residual（原始模型）
22:40:06  
  精度:   top1=96.59 %	 top5=99.66 %	 loss= 0.1188
  延迟:   mean=25.70 ms	std=±0.06 ms
  规模: params=23.71 M	 MACs=4.09 G  

22:40:06  [1] plain（删除残差无补偿）
22:40:44  
  精度:   top1=1.40 %	 top5=5.24 %	 loss= 5.0787
  延迟:   mean=25.35 ms	std=±0.01 ms
  规模: params=23.71 M	 MACs=4.09 G  

22:40:44  [2] affine  (compensator=affine, rank=0)
22:40:45  	校准中（10 epochs, calib_size=4196, lr=0.001）...
22:41:52  	校准完成，最终 loss=41.173497
22:42:29  
  精度:   top1=1.60 %	 top5=7.08 %	 loss= 6.1934
  延迟:   mean=25.84 ms	std=±0.03 ms
  规模: params=23.74 M	 MACs=4.09 G  

22:42:29  
22:42:29  [3] linear1x1  (compensator=linear1x1, rank=0)
22:42:30  	校准中（10 epochs, calib_size=4196, lr=0.0001）...
22:43:36  	校准完成，最终 loss=33.766751
22:44:14  
  精度:   top1=1.29 %	 top5=6.20 %	 loss= 6.7935
  延迟:   mean=26.39 ms	std=±0.04 ms
  规模: params=43.85 M	 MACs=4.29 G  

22:44:14  
22:44:14  [4] low_rank_r16  (compensator=low_rank, rank=16)
22:44:15  	校准中（10 epochs, calib_size=4196, lr=0.001）...
22:45:24  	校准完成，最终 loss=36.661521
22:46:01  
  精度:   top1=1.53 %	 top5=6.22 %	 loss= 5.8637
  延迟:   mean=25.93 ms	std=±0.03 ms
  规模: params=24.20 M	 MACs=4.10 G  

22:46:01  
22:46:01  [5] adapter  (compensator=adapter, rank=16)
22:46:02  	校准中（10 epochs, calib_size=4196, lr=0.001）...
22:47:10  	校准完成，最终 loss=35.718467
22:47:47  
  精度:   top1=1.05 %	 top5=6.07 %	 loss= 5.9264
  延迟:   mean=26.17 ms	std=±0.02 ms
  规模: params=24.21 M	 MACs=4.10 G  

22:47:47  
22:47:47  结果已保存至：/root/autodl-tmp/ResidualRemove/Results/Exp2_Compensator/calib4196_20260428_2239/compensators.csv
22:47:47  摘要（按 Top-1 降序）
22:47:47  ============================================================
22:47:47  方法                Top-1     延迟(ms)     参数量
22:47:47  ------------------------------------------------------------
22:47:47  full_residual       96.59%     25.697   23,712,932
22:47:47  affine               1.60%     25.842   23,743,140
22:47:47  low_rank_r16         1.53%     25.929   24,196,260
22:47:47  plain                1.40%     25.349   23,712,932
22:47:47  linear1x1            1.29%     26.392   43,847,588
22:47:47  adapter              1.05%     26.166   24,211,620
22:47:47  ============================================================
