18:50:47  ============================================================
18:50:47  实验2：补偿方法基准测试
18:50:47  模型=resnet50  数据集=imagenet  设备=cuda:0
18:50:47  校准图像=8192  轮数=10  lr=0.001
18:50:47  ============================================================
18:51:02  测量 batch shape: torch.Size([64, 3, 224, 224])（固定，保证公平）

18:51:02  删除残差块数：2  (layer1.0 → layer1.1)

18:51:04  [0] full_residual（原始模型，保留所有残差）
18:54:22      精度  top1=80.12%  top5=95.24%  loss=1.4180
18:54:23      延迟  均值=78.024 ms  std=±22.130 ms
18:54:24      内存  峰值=779.67 MB  [cuda_allocator]
18:54:24      规模  params=25,557,032  MACs=4,087,138,304
18:54:24  
18:54:24  [1] plain（删除残差，无补偿）
18:56:11      精度  top1=0.11%  top5=0.51%  loss=8.9787
18:56:13      延迟  均值=68.808 ms  std=±8.371 ms
18:56:13      内存  峰值=880.39 MB  [cuda_allocator]
18:56:13      规模  params=25,557,032  MACs=4,087,138,304
18:56:13  
18:56:13  [2] scalar  (compensator=scalar, rank=0)
18:56:24      校准中（10 epochs, calib_size=8192, lr=0.001）...
19:02:41      校准完成，最终 loss=3.056888
19:04:16      精度  top1=0.08%  top5=0.51%  loss=7.3723
19:04:18      延迟  均值=91.912 ms  std=±26.545 ms
19:04:18      内存  峰值=987.26 MB  [cuda_allocator]
19:04:18      规模  params=25,557,048  MACs=4,087,138,304
19:04:18  
19:04:18  [3] affine  (compensator=affine, rank=0)
19:04:30      校准中（10 epochs, calib_size=8192, lr=0.001）...
19:10:27      校准完成，最终 loss=1.409819
19:12:02      精度  top1=0.10%  top5=0.60%  loss=6.9555
19:12:04      延迟  均值=93.321 ms  std=±26.803 ms
19:12:04      内存  峰值=1186.74 MB  [cuda_allocator]
19:12:04      规模  params=25,587,240  MACs=4,087,138,304
19:12:04  
19:12:04  [4] linear1x1  (compensator=linear1x1, rank=0)
19:12:15      校准中（10 epochs, calib_size=8192, lr=0.0001）...
19:18:28      校准完成，最终 loss=0.736628
19:20:02      精度  top1=0.21%  top5=4.99%  loss=6.9276
19:20:04      延迟  均值=76.271 ms  std=±9.644 ms
19:20:04      内存  峰值=1263.56 MB  [cuda_allocator]
19:20:04      规模  params=45,691,688  MACs=4,498,180,096
19:20:04  
19:20:04  [5] low_rank_r4  (compensator=low_rank, rank=4)
19:20:16      校准中（10 epochs, calib_size=8192, lr=0.001）...
19:26:15      校准完成，最终 loss=0.864989
19:27:48      精度  top1=0.11%  top5=1.49%  loss=6.9957
19:27:50      延迟  均值=93.727 ms  std=±27.856 ms
19:27:50      内存  峰值=1185.91 MB  [cuda_allocator]
19:27:50      规模  params=25,677,864  MACs=4,099,983,360
19:27:50  
19:27:50  [6] low_rank_r8  (compensator=low_rank, rank=8)
19:28:01      校准中（10 epochs, calib_size=8192, lr=0.001）...
19:34:02      校准完成，最终 loss=0.800696
19:35:36      精度  top1=0.12%  top5=1.90%  loss=6.9840
19:35:38      延迟  均值=63.173 ms  std=±5.816 ms
19:35:38      内存  峰值=1186.82 MB  [cuda_allocator]
19:35:38      规模  params=25,798,696  MACs=4,112,828,416
19:35:38  
19:35:38  [7] low_rank_r16  (compensator=low_rank, rank=16)
19:35:49      校准中（10 epochs, calib_size=8192, lr=0.001）...
19:41:53      校准完成，最终 loss=0.550628
19:43:26      精度  top1=72.76%  top5=91.39%  loss=1.7150
19:43:28      延迟  均值=62.988 ms  std=±5.939 ms
19:43:28      内存  峰值=1187.84 MB  [cuda_allocator]
19:43:28      规模  params=26,040,360  MACs=4,138,518,528
19:43:28  
19:43:28  [8] low_rank_r32  (compensator=low_rank, rank=32)
19:43:39      校准中（10 epochs, calib_size=8192, lr=0.001）...
19:49:44      校准完成，最终 loss=0.509102
19:51:19      精度  top1=73.97%  top5=92.07%  loss=1.6678
19:51:20      延迟  均值=62.923 ms  std=±6.053 ms
19:51:20      内存  峰值=1190.12 MB  [cuda_allocator]
19:51:20      规模  params=26,523,688  MACs=4,189,898,752
19:51:20  
19:51:20  [9] adapter  (compensator=adapter, rank=16)
19:51:31      校准中（10 epochs, calib_size=8192, lr=0.001）...
19:57:39      校准完成，最终 loss=0.780629
19:59:11      精度  top1=0.10%  top5=0.77%  loss=6.9405
19:59:14      延迟  均值=93.689 ms  std=±29.330 ms
19:59:14      内存  峰值=1187.22 MB  [cuda_allocator]
19:59:14      规模  params=26,055,720  MACs=4,138,518,528
19:59:14  
19:59:14  结果已保存至：Results/Exp2_Compensator/20260414_1850_compensators_baseline.csv
19:59:14  
============================================================
19:59:14  摘要（按 Top-1 降序）
19:59:14  ============================================================
19:59:14  方法                   Top-1     延迟(ms)     内存(MB)          参数量
19:59:14  ------------------------------------------------------------
19:59:14  full_residual       80.12%     78.024     779.67   25,557,032
19:59:14  low_rank_r32        73.97%     62.923    1190.12   26,523,688
19:59:14  low_rank_r16        72.76%     62.988    1187.84   26,040,360
19:59:14  linear1x1            0.21%     76.271    1263.56   45,691,688
19:59:14  low_rank_r8          0.12%     63.173    1186.82   25,798,696
19:59:14  low_rank_r4          0.11%     93.727    1185.91   25,677,864
19:59:14  plain                0.11%     68.808     880.39   25,557,032
19:59:14  affine               0.10%     93.322    1186.74   25,587,240
19:59:14  adapter              0.10%     93.689    1187.22   26,055,720
19:59:14  scalar               0.08%     91.912     987.26   25,557,048
19:59:14  ============================================================
