15:26:05  ============================================================
15:26:05  实验2：补偿方法基准测试
15:26:05  模型=resnet50  数据集=imagenet  设备=cuda:0
15:26:05  校准图像=1024  轮数=5  lr=0.001
15:26:05  ============================================================
15:26:22  测量 batch shape: torch.Size([64, 3, 224, 224])（固定，保证公平）

15:26:22  删除残差块数：1  (layer4.2 → layer4.2)

15:26:24  [0] full_residual（原始模型，保留所有残差）
15:30:04      精度  top1=80.12%  top5=95.24%  loss=1.4180
15:30:05      延迟  均值=68.635 ms  std=±0.432 ms
15:30:05      内存  峰值=779.67 MB  [cuda_allocator]
15:30:05      规模  params=25,557,032  MACs=4,087,138,304
15:30:05  
15:30:05  [1] plain（删除残差，无补偿）
15:31:51      精度  top1=40.73%  top5=64.95%  loss=6.0570
15:31:52      延迟  均值=56.962 ms  std=±0.126 ms
15:31:52      内存  峰值=880.39 MB  [cuda_allocator]
15:31:52      规模  params=25,557,032  MACs=4,087,138,304
15:31:52  
15:31:52  [2] scalar  (compensator=scalar, rank=0)
15:32:03      校准中（5 epochs, calib_size=1024, lr=0.001）...
15:32:20      校准完成，最终 loss=0.260025
15:33:54      精度  top1=40.82%  top5=65.07%  loss=5.9359
15:33:55      延迟  均值=57.012 ms  std=±0.127 ms
15:33:55      内存  峰值=987.13 MB  [cuda_allocator]
15:33:55      规模  params=25,557,048  MACs=4,087,138,304
15:33:55  
15:33:55  [3] affine  (compensator=affine, rank=0)
15:34:07      校准中（5 epochs, calib_size=1024, lr=0.001）...
15:34:21      校准完成，最终 loss=0.260603
15:35:54      精度  top1=41.35%  top5=65.98%  loss=5.9616
15:35:55      延迟  均值=57.046 ms  std=±0.092 ms
15:35:55      内存  峰值=987.75 MB  [cuda_allocator]
15:35:55      规模  params=25,587,240  MACs=4,087,138,304
15:35:55  
15:35:55  [4] linear1x1  (compensator=linear1x1, rank=0)
15:36:06      校准中（5 epochs, calib_size=1024, lr=0.0001）...
15:36:21      校准完成，最终 loss=0.231289
15:37:54      精度  top1=49.30%  top5=76.84%  loss=5.2005
15:37:56      延迟  均值=59.331 ms  std=±0.126 ms
15:37:56      内存  峰值=1081.62 MB  [cuda_allocator]
15:37:56      规模  params=45,691,688  MACs=4,292,659,200
15:37:56  
15:37:56  [5] low_rank_r4  (compensator=low_rank, rank=4)
15:38:07      校准中（5 epochs, calib_size=1024, lr=0.001）...
15:38:22      校准完成，最终 loss=0.248471
15:39:55      精度  top1=44.47%  top5=71.64%  loss=5.5434
15:39:57      延迟  均值=57.318 ms  std=±0.149 ms
15:39:57      内存  峰值=991.15 MB  [cuda_allocator]
15:39:57      规模  params=25,677,864  MACs=4,087,941,120
15:39:57  
15:39:57  [6] low_rank_r8  (compensator=low_rank, rank=8)
15:40:08      校准中（5 epochs, calib_size=1024, lr=0.001）...
15:40:23      校准完成，最终 loss=0.247328
15:41:57      精度  top1=44.95%  top5=71.75%  loss=5.5445
15:41:59      延迟  均值=57.324 ms  std=±0.119 ms
15:41:59      内存  峰值=988.36 MB  [cuda_allocator]
15:41:59      规模  params=25,798,696  MACs=4,088,743,936
15:41:59  
15:41:59  [7] low_rank_r16  (compensator=low_rank, rank=16)
15:42:10      校准中（5 epochs, calib_size=1024, lr=0.001）...
15:42:25      校准完成，最终 loss=0.247447
15:44:00      精度  top1=44.77%  top5=71.78%  loss=5.5192
15:44:01      延迟  均值=57.167 ms  std=±0.118 ms
15:44:01      内存  峰值=990.78 MB  [cuda_allocator]
15:44:01      规模  params=26,040,360  MACs=4,090,349,568
15:44:01  
15:44:01  [8] low_rank_r32  (compensator=low_rank, rank=32)
15:44:12      校准中（5 epochs, calib_size=1024, lr=0.001）...
15:44:27      校准完成，最终 loss=0.244419
15:46:00      精度  top1=45.97%  top5=72.71%  loss=5.4785
15:46:02      延迟  均值=57.289 ms  std=±0.120 ms
15:46:02      内存  峰值=992.00 MB  [cuda_allocator]
15:46:02      规模  params=26,523,688  MACs=4,093,560,832
15:46:02  
15:46:02  [9] adapter  (compensator=adapter, rank=16)
15:46:13      校准中（5 epochs, calib_size=1024, lr=0.001）...
15:46:28      校准完成，最终 loss=0.248422
15:48:01      精度  top1=44.40%  top5=71.46%  loss=5.5376
15:48:02      延迟  均值=57.530 ms  std=±0.787 ms
15:48:02      内存  峰值=990.10 MB  [cuda_allocator]
15:48:02      规模  params=26,055,720  MACs=4,090,349,568
15:48:02  
15:48:02  结果已保存至：Results/Exp2_Compensator/20260413_1526_compensators_baseline.csv
15:48:02  
============================================================
15:48:02  摘要（按 Top-1 降序）
15:48:02  ============================================================
15:48:02  方法                   Top-1     延迟(ms)     内存(MB)          参数量
15:48:02  ------------------------------------------------------------
15:48:02  full_residual       80.12%     68.635     779.67   25,557,032
15:48:02  linear1x1           49.30%     59.331    1081.62   45,691,688
15:48:02  low_rank_r32        45.97%     57.289     992.00   26,523,688
15:48:02  low_rank_r8         44.95%     57.324     988.36   25,798,696
15:48:02  low_rank_r16        44.77%     57.167     990.78   26,040,360
15:48:02  low_rank_r4         44.47%     57.318     991.15   25,677,864
15:48:02  adapter             44.40%     57.530     990.10   26,055,720
15:48:02  affine              41.35%     57.047     987.75   25,587,240
15:48:02  scalar              40.82%     57.012     987.13   25,557,048
15:48:02  plain               40.73%     56.962     880.39   25,557,032
15:48:02  ============================================================
