16:39:14  ============================================================
16:39:14  实验2：补偿方法基准测试
16:39:14  模型=resnet50  数据集=imagenet  设备=cuda:0
16:39:14  校准图像=4096  轮数=10  lr=0.001
16:39:14  ============================================================
16:39:27  测量 batch shape: torch.Size([64, 3, 224, 224])（固定，保证公平）

16:39:27  删除残差块数：1  (layer1.0 → layer1.0)

16:39:29  [0] full_residual（原始模型，保留所有残差）
16:41:05      精度  top1=80.12%  top5=95.24%  loss=1.4180
16:41:06      延迟  均值=57.168 ms  std=±0.139 ms
16:41:06      内存  峰值=779.67 MB  [cuda_allocator]
16:41:06      规模  params=25,557,032  MACs=4,087,138,304
16:41:06  
16:41:06  [1] plain（删除残差，无补偿）
16:42:51      精度  top1=0.47%  top5=1.64%  loss=8.1938
16:42:53      延迟  均值=56.438 ms  std=±0.195 ms
16:42:53      内存  峰值=880.39 MB  [cuda_allocator]
16:42:53      规模  params=25,557,032  MACs=4,087,138,304
16:42:53  
16:42:53  [2] scalar  (compensator=scalar, rank=0)
16:43:04      校准中（10 epochs, calib_size=4096, lr=0.001）...
16:45:28      校准完成，最终 loss=7.756686
16:47:01      精度  top1=0.37%  top5=1.34%  loss=8.7245
16:47:03      延迟  均值=56.857 ms  std=±0.106 ms
16:47:03      内存  峰值=987.25 MB  [cuda_allocator]
16:47:03      规模  params=25,557,048  MACs=4,087,138,304
16:47:03  
16:47:03  [3] affine  (compensator=affine, rank=0)
16:47:14      校准中（10 epochs, calib_size=4096, lr=0.001）...
16:49:38      校准完成，最终 loss=1.650619
16:51:36      精度  top1=0.10%  top5=0.79%  loss=7.4751
16:51:37      延迟  均值=60.747 ms  std=±10.122 ms
16:51:37      内存  峰值=1186.74 MB  [cuda_allocator]
16:51:37      规模  params=25,587,240  MACs=4,087,138,304
16:51:37  
16:51:37  [4] linear1x1  (compensator=linear1x1, rank=0)
16:51:49      校准中（10 epochs, calib_size=4096, lr=0.0001）...
16:54:14      校准完成，最终 loss=0.432266
16:55:50      精度  top1=72.76%  top5=91.34%  loss=1.7181
16:55:51      延迟  均值=59.468 ms  std=±0.087 ms
16:55:51      内存  峰值=1259.31 MB  [cuda_allocator]
16:55:51      规模  params=45,691,688  MACs=4,292,659,200
16:55:51  
16:55:51  [5] low_rank_r4  (compensator=low_rank, rank=4)
16:56:02      校准中（10 epochs, calib_size=4096, lr=0.001）...
16:58:28      校准完成，最终 loss=0.605656
17:00:02      精度  top1=68.83%  top5=89.10%  loss=1.8737
17:00:03      延迟  均值=60.102 ms  std=±7.534 ms
17:00:04      内存  峰值=1185.84 MB  [cuda_allocator]
17:00:04      规模  params=25,677,864  MACs=4,093,560,832
17:00:04  
17:00:04  [6] low_rank_r8  (compensator=low_rank, rank=8)
17:00:15      校准中（10 epochs, calib_size=4096, lr=0.001）...
17:02:39      校准完成，最终 loss=0.500663
17:04:12      精度  top1=70.53%  top5=90.18%  loss=1.8083
17:04:14      延迟  均值=59.091 ms  std=±3.160 ms
17:04:14      内存  峰值=1187.37 MB  [cuda_allocator]
17:04:14      规模  params=25,798,696  MACs=4,099,983,360
17:04:14  
17:04:14  [7] low_rank_r16  (compensator=low_rank, rank=16)
17:04:26      校准中（10 epochs, calib_size=4096, lr=0.001）...
17:06:52      校准完成，最终 loss=0.422350
17:08:27      精度  top1=71.58%  top5=90.87%  loss=1.7613
17:08:29      延迟  均值=58.876 ms  std=±3.910 ms
17:08:29      内存  峰值=1186.00 MB  [cuda_allocator]
17:08:29      规模  params=26,040,360  MACs=4,112,828,416
17:08:29  
17:08:29  [8] low_rank_r32  (compensator=low_rank, rank=32)
17:08:40      校准中（10 epochs, calib_size=4096, lr=0.001）...
17:11:06      校准完成，最终 loss=0.369470
17:12:41      精度  top1=73.61%  top5=91.86%  loss=1.6864
17:12:43      延迟  均值=61.304 ms  std=±9.797 ms
17:12:43      内存  峰值=1189.75 MB  [cuda_allocator]
17:12:43      规模  params=26,523,688  MACs=4,138,518,528
17:12:43  
17:12:43  [9] adapter  (compensator=adapter, rank=16)
17:12:55      校准中（10 epochs, calib_size=4096, lr=0.001）...
17:15:24      校准完成，最终 loss=0.462361
17:19:33      精度  top1=71.12%  top5=90.47%  loss=1.7872
17:19:34      延迟  均值=58.376 ms  std=±0.118 ms
17:19:34      内存  峰值=1186.56 MB  [cuda_allocator]
17:19:34      规模  params=26,055,720  MACs=4,112,828,416
17:19:34  
17:19:34  结果已保存至：Results/Exp2_Compensator/20260413_1639_compensators_baseline.csv
17:19:34  
============================================================
17:19:34  摘要（按 Top-1 降序）
17:19:34  ============================================================
17:19:34  方法                   Top-1     延迟(ms)     内存(MB)          参数量
17:19:34  ------------------------------------------------------------
17:19:34  full_residual       80.12%     57.168     779.67   25,557,032
17:19:34  low_rank_r32        73.61%     61.304    1189.75   26,523,688
17:19:34  linear1x1           72.76%     59.468    1259.31   45,691,688
17:19:34  low_rank_r16        71.58%     58.876    1186.00   26,040,360
17:19:34  adapter             71.12%     58.376    1186.56   26,055,720
17:19:34  low_rank_r8         70.53%     59.091    1187.37   25,798,696
17:19:34  low_rank_r4         68.83%     60.102    1185.84   25,677,864
17:19:34  plain                0.47%     56.438     880.39   25,557,032
17:19:34  scalar               0.37%     56.857     987.25   25,557,048
17:19:34  affine               0.10%     60.747    1186.74   25,587,240
17:19:34  ============================================================
