10:49:43  ============================================================
10:49:43  实验2：补偿方法基准测试
10:49:43  模型=resnet50  数据集=imagenet  设备=cpu
10:49:43  校准图像=512  轮数=1  lr=0.001
10:49:43  ============================================================
10:49:55  测量 batch shape: torch.Size([64, 3, 224, 224])（固定，保证公平）

10:49:55  删除残差块数：1  (layer4.2 → layer4.2)

10:49:57  [0] full_residual（原始模型，保留所有残差）
10:50:19      精度  top1=90.78%  top5=98.12%  loss=1.0573
10:51:12      延迟  均值=2106.664 ms  std=±24.974 ms
10:51:14      内存  峰值=0.01 MB  [tracemalloc]
10:51:16      规模  params=25,557,032  MACs=4,087,138,304
10:51:16  
10:51:16  [1] plain（删除残差，无补偿）
10:51:48      精度  top1=55.78%  top5=80.00%  loss=6.0131
10:52:39      延迟  均值=2035.488 ms  std=±28.583 ms
10:52:41      内存  峰值=0.01 MB  [tracemalloc]
10:52:43      规模  params=25,557,032  MACs=4,087,138,304
10:52:43  
10:52:43  [2] scalar  (compensator=scalar, rank=0)
10:52:54      校准中（1 epochs, calib_size=512, lr=0.001）...
10:53:09      校准完成，最终 loss=0.263890
10:53:26      精度  top1=55.78%  top5=80.00%  loss=6.0043
10:54:06      延迟  均值=1592.888 ms  std=±23.948 ms
10:54:08      内存  峰值=0.01 MB  [tracemalloc]
10:54:09      规模  params=25,557,048  MACs=4,087,138,304
10:54:09  
10:54:09  [3] affine  (compensator=affine, rank=0)
10:54:21      校准中（1 epochs, calib_size=512, lr=0.001）...
10:54:35      校准完成，最终 loss=0.263874
10:54:50      精度  top1=55.78%  top5=80.00%  loss=6.0057
10:55:31      延迟  均值=1652.731 ms  std=±37.580 ms
10:55:33      内存  峰值=0.01 MB  [tracemalloc]
10:55:34      规模  params=25,587,240  MACs=4,087,138,304
10:55:34  
10:55:34  [4] linear1x1  (compensator=linear1x1, rank=0)
10:55:44      校准中（1 epochs, calib_size=512, lr=0.0001）...
10:55:59      校准完成，最终 loss=0.250713
10:56:17      精度  top1=54.84%  top5=80.31%  loss=5.6555
10:56:56      延迟  均值=1572.722 ms  std=±10.079 ms
10:56:57      内存  峰值=0.01 MB  [tracemalloc]
10:56:59      规模  params=45,691,688  MACs=4,292,659,200
10:56:59  
10:56:59  [5] low_rank_r4  (compensator=low_rank, rank=4)
10:57:10      校准中（1 epochs, calib_size=512, lr=0.001）...
10:57:24      校准完成，最终 loss=0.256346
10:57:41      精度  top1=53.28%  top5=77.81%  loss=5.6460
10:58:20      延迟  均值=1555.798 ms  std=±14.463 ms
10:58:22      内存  峰值=0.01 MB  [tracemalloc]
10:58:23      规模  params=25,677,864  MACs=4,087,941,120
10:58:23  
10:58:23  [6] low_rank_r8  (compensator=low_rank, rank=8)
10:58:34      校准中（1 epochs, calib_size=512, lr=0.001）...
10:58:49      校准完成，最终 loss=0.257688
10:59:07      精度  top1=55.16%  top5=82.19%  loss=5.5916
10:59:49      延迟  均值=1662.243 ms  std=±27.622 ms
10:59:50      内存  峰值=0.01 MB  [tracemalloc]
10:59:52      规模  params=25,798,696  MACs=4,088,743,936
10:59:52  
10:59:52  [7] low_rank_r16  (compensator=low_rank, rank=16)
11:00:03      校准中（1 epochs, calib_size=512, lr=0.001）...
11:00:18      校准完成，最终 loss=0.251505
11:00:34      精度  top1=56.25%  top5=81.72%  loss=5.7880
11:01:14      延迟  均值=1612.172 ms  std=±28.221 ms
11:01:15      内存  峰值=0.01 MB  [tracemalloc]
11:01:17      规模  params=26,040,360  MACs=4,090,349,568
11:01:17  
11:01:17  [8] low_rank_r32  (compensator=low_rank, rank=32)
11:01:28      校准中（1 epochs, calib_size=512, lr=0.001）...
11:01:43      校准完成，最终 loss=0.250852
11:01:58      精度  top1=58.28%  top5=82.66%  loss=5.6934
11:02:30      延迟  均值=1278.728 ms  std=±16.378 ms
11:02:32      内存  峰值=0.01 MB  [tracemalloc]
11:02:33      规模  params=26,523,688  MACs=4,093,560,832
11:02:33  
11:02:33  [9] adapter  (compensator=adapter, rank=16)
11:02:44      校准中（1 epochs, calib_size=512, lr=0.001）...
11:02:59      校准完成，最终 loss=0.257332
11:03:15      精度  top1=55.47%  top5=80.78%  loss=5.7588
11:03:50      延迟  均值=1379.313 ms  std=±23.428 ms
11:03:51      内存  峰值=0.01 MB  [tracemalloc]
11:03:53      规模  params=26,055,720  MACs=4,090,349,568
11:03:53  
11:03:53  结果已保存至：Results/Exp2_Compensator/20260413_1049_compensators_baseline.csv
11:03:53  
============================================================
11:03:53  摘要（按 Top-1 降序）
11:03:53  ============================================================
11:03:53  方法                   Top-1     延迟(ms)     内存(MB)          参数量
11:03:53  ------------------------------------------------------------
11:03:53  full_residual       90.78%   2106.664       0.01   25,557,032
11:03:53  low_rank_r32        58.28%   1278.728       0.01   26,523,688
11:03:53  low_rank_r16        56.25%   1612.172       0.01   26,040,360
11:03:53  plain               55.78%   2035.488       0.01   25,557,032
11:03:53  scalar              55.78%   1592.888       0.01   25,557,048
11:03:53  affine              55.78%   1652.731       0.01   25,587,240
11:03:53  adapter             55.47%   1379.313       0.01   26,055,720
11:03:53  low_rank_r8         55.16%   1662.243       0.01   25,798,696
11:03:53  linear1x1           54.84%   1572.722       0.01   45,691,688
11:03:53  low_rank_r4         53.28%   1555.798       0.01   25,677,864
11:03:53  ============================================================
