22:19:37  
[setup-hardw]	cuda:0		num_workers：4		种子：42
[setup-model]	resnet50	残差块数：16		预训练：True
[setup- data]	imagenet100	图片尺寸：224×224	类别数：100
[setup-batch]	64		验证批次：396

22:19:38  
================================================================================
[Exp2]	 补偿方法对比
[Exp2]	 calib_size:4196	 epochs:10	 lr:0.001
[Exp2]	 removed_block:1	 (layer1.2 → layer1.2)
[Exp2]	 batch_size:64		 batch shape: torch.Size([64, 3, 224, 224])（固定）
================================================================================


22:19:38  [0] full_residual（原始模型）
22:20:16  
  精度:   top1=96.586%    top5 =  99.657%     loss= 0.1188
  延迟:   mean=25.709 ms  std =± 0.062 ms
  规模: params=23.71 M    MACs=  4.09 G

22:20:16  [1] plain（删除残差无补偿）
22:20:55  
  精度:   top1= 1.279%    top5 =   5.608%     loss= 9.4399
  延迟:   mean=25.039 ms  std =± 0.039 ms
  规模: params=23.71 M    MACs=  4.09 G

22:20:55  [2] affine  (compensator=affine, rank=0)
22:20:56  	校准中（10 epochs, calib_size=4196, lr=0.001）...
22:22:04  	校准完成，最终 loss=42.515707
22:22:42  
  精度:   top1= 1.097%    top5 =   5.352%     loss= 9.1183
  延迟:   mean=26.006 ms  std =± 0.042 ms
  规模: params=23.74 M    MACs=  4.09 G

22:22:42  
22:22:42  [3] linear1x1  (compensator=linear1x1, rank=0)
22:22:43  	校准中（10 epochs, calib_size=4196, lr=0.0001）...
22:23:53  	校准完成，最终 loss=36.061684
22:24:31  
  精度:   top1= 1.160%    top5 =   5.664%     loss= 6.3917
  延迟:   mean=26.635 ms  std =± 0.026 ms
  规模: params=43.85 M    MACs=  4.29 G

22:24:31  
22:24:31  [4] low_rank_r16  (compensator=low_rank, rank=16)
22:24:32  	校准中（10 epochs, calib_size=4196, lr=0.001）...
22:25:40  	校准完成，最终 loss=37.860636
22:26:18  
  精度:   top1= 1.014%    top5 =   5.178%     loss= 6.1028
  延迟:   mean=26.247 ms  std =± 0.048 ms
  规模: params=24.20 M    MACs=  4.11 G

22:26:18  
22:26:18  [5] adapter  (compensator=adapter, rank=16)
22:26:20  	校准中（10 epochs, calib_size=4196, lr=0.001）...
22:27:29  	校准完成，最终 loss=37.460926
22:28:07  
  精度:   top1= 1.385%    top5 =   5.340%     loss= 6.7644
  延迟:   mean=26.674 ms  std =± 0.011 ms
  规模: params=24.21 M    MACs=  4.11 G

22:28:07  
22:28:07  结果已保存至：/root/autodl-tmp/ResidualRemove/Results/Exp2_Compensator/calib4196_20260428_2219/compensators.csv
22:28:07  
============================================================
22:28:07  摘要（按 Top-1 降序）
22:28:07  ============================================================
22:28:07  方法                Top-1     延迟(ms)          参数量
22:28:07  ------------------------------------------------------------
22:28:07  full_residual       96.59%     25.709   23,712,932
22:28:07  adapter              1.39%     26.674   24,211,620
22:28:07  plain                1.28%     25.039   23,712,932
22:28:07  linear1x1            1.16%     26.635   43,847,588
22:28:07  affine               1.10%     26.006   23,743,140
22:28:07  low_rank_r16         1.01%     26.247   24,196,260
22:28:07  ============================================================
