配置加载自：Configs/default_env.yaml
[setup] 运行设备：cuda:0
[setup] 数据集：imagenet，图片尺寸：224×224，类别数：1000
[setup] batch_size：64，验证集批次数：782，num_workers：4
[setup] 模型：resnet50，残差块数：16，预训练：True

[Exp1-InferenceCost] 模型：resnet50，共 16 个残差块
[Exp1-InferenceCost] 延迟测量：预热 5 次，正式 20 次
[Exp1-InferenceCost] 结果将写入：Results/Exp1_Motivation/Motivation1_Inference_cost/20260412_2150_memory_cost.csv

[Exp1-InferenceCost] 测量 batch：torch.Size([64, 3, 224, 224])（固定，保证公平）

[0/16] 测量 baseline（full mode，保留所有残差）...
          峰值显存：779.67 MB  延迟：57.076 ms
[1/16] 删除最后 1 个块（layer4.2 → layer4.2）...
          峰值显存：779.67 MB (节省 0.00 MB)  延迟：56.940 ms  加速比：1.002×
[2/16] 删除最后 2 个块（layer4.1 → layer4.2）...
          峰值显存：779.67 MB (节省 0.00 MB)  延迟：56.853 ms  加速比：1.004×
[3/16] 删除最后 3 个块（layer4.0 → layer4.2）...
          峰值显存：779.67 MB (节省 0.00 MB)  延迟：56.755 ms  加速比：1.006×
[4/16] 删除最后 4 个块（layer3.5 → layer4.2）...
          峰值显存：779.67 MB (节省 0.00 MB)  延迟：56.596 ms  加速比：1.008×
[5/16] 删除最后 5 个块（layer3.4 → layer4.2）...
          峰值显存：779.67 MB (节省 0.00 MB)  延迟：56.355 ms  加速比：1.013×
[6/16] 删除最后 6 个块（layer3.3 → layer4.2）...
          峰值显存：779.67 MB (节省 0.00 MB)  延迟：56.211 ms  加速比：1.015×
[7/16] 删除最后 7 个块（layer3.2 → layer4.2）...
          峰值显存：779.67 MB (节省 0.00 MB)  延迟：55.990 ms  加速比：1.019×
[8/16] 删除最后 8 个块（layer3.1 → layer4.2）...
          峰值显存：779.67 MB (节省 0.00 MB)  延迟：55.946 ms  加速比：1.020×
[9/16] 删除最后 9 个块（layer3.0 → layer4.2）...
          峰值显存：779.67 MB (节省 0.00 MB)  延迟：55.654 ms  加速比：1.026×
[10/16] 删除最后 10 个块（layer2.3 → layer4.2）...
          峰值显存：779.67 MB (节省 0.00 MB)  延迟：55.250 ms  加速比：1.033×
[11/16] 删除最后 11 个块（layer2.2 → layer4.2）...
          峰值显存：779.67 MB (节省 0.00 MB)  延迟：54.902 ms  加速比：1.040×
[12/16] 删除最后 12 个块（layer2.1 → layer4.2）...
          峰值显存：779.67 MB (节省 0.00 MB)  延迟：54.551 ms  加速比：1.046×
[13/16] 删除最后 13 个块（layer2.0 → layer4.2）...
          峰值显存：779.67 MB (节省 0.00 MB)  延迟：54.139 ms  加速比：1.054×
[14/16] 删除最后 14 个块（layer1.2 → layer4.2）...
          峰值显存：779.67 MB (节省 0.00 MB)  延迟：53.380 ms  加速比：1.069×
[15/16] 删除最后 15 个块（layer1.1 → layer4.2）...
          峰值显存：779.67 MB (节省 0.00 MB)  延迟：52.680 ms  加速比：1.083×
[16/16] 删除最后 16 个块（layer1.0 → layer4.2）...
          峰值显存：779.67 MB (节省 0.00 MB)  延迟：51.883 ms  加速比：1.100×

[Exp1-InferenceCost] 完成。结果已保存至：Results/Exp1_Motivation/Motivation1_Inference_cost/20260412_2150_memory_cost.csv

[Exp1-InferenceCost] ── 删除全部残差块时的综合收益摘要 ──
  峰值显存：779.67 MB → 779.67 MB（节省 0.0%）
  推理延迟：57.076 ms → 51.883 ms（加速比 1.100×）
