[setup] 配置加载自：Configs/default_env.yaml
[setup] 运行设备：cuda:0
[setup] 随机种子：42
[setup] 数据集：imagenet，图片尺寸：224×224
[setup] 数据来源：imagenet，类别数：1000
[setup] 验证集批次数：3125
[setup] 模型：resnet50，残差块数：16，预训练：True

[Exp1-Memory] 模型：resnet50，共 16 个残差块
[Exp1-Memory] 延迟测量：预热 5 次，正式 20 次
[Exp1-Memory] 结果将写入：Results/Exp1_Motivation/Motivation1_Inference_cost/20260412_1507_memory_cost.csv

[Exp1-Memory] 测量 batch：torch.Size([16, 3, 224, 224])（固定，保证对比公平）

[0/16] 测量 baseline（full mode，保留所有残差）...
          峰值显存：277.35 MB  延迟：16.579 ms
[1/16] 删除最后 1 个块（layer4.2 → layer4.2）...
          峰值显存：277.35 MB (节省 0.00 MB)  延迟：16.113 ms  加速比：1.029×
[2/16] 删除最后 2 个块（layer4.1 → layer4.2）...
          峰值显存：277.35 MB (节省 0.00 MB)  延迟：16.084 ms  加速比：1.031×
[3/16] 删除最后 3 个块（layer4.0 → layer4.2）...
          峰值显存：277.35 MB (节省 0.00 MB)  延迟：16.068 ms  加速比：1.032×
[4/16] 删除最后 4 个块（layer3.5 → layer4.2）...
          峰值显存：277.35 MB (节省 0.00 MB)  延迟：16.064 ms  加速比：1.032×
[5/16] 删除最后 5 个块（layer3.4 → layer4.2）...
          峰值显存：277.35 MB (节省 0.00 MB)  延迟：15.966 ms  加速比：1.038×
[6/16] 删除最后 6 个块（layer3.3 → layer4.2）...
          峰值显存：277.35 MB (节省 0.00 MB)  延迟：15.916 ms  加速比：1.042×
[7/16] 删除最后 7 个块（layer3.2 → layer4.2）...
          峰值显存：277.35 MB (节省 0.00 MB)  延迟：15.873 ms  加速比：1.044×
[8/16] 删除最后 8 个块（layer3.1 → layer4.2）...
          峰值显存：277.35 MB (节省 0.00 MB)  延迟：15.818 ms  加速比：1.048×
[9/16] 删除最后 9 个块（layer3.0 → layer4.2）...
          峰值显存：277.35 MB (节省 0.00 MB)  延迟：15.785 ms  加速比：1.050×
[10/16] 删除最后 10 个块（layer2.3 → layer4.2）...
          峰值显存：277.35 MB (节省 0.00 MB)  延迟：15.673 ms  加速比：1.058×
[11/16] 删除最后 11 个块（layer2.2 → layer4.2）...
          峰值显存：277.35 MB (节省 0.00 MB)  延迟：15.574 ms  加速比：1.065×
[12/16] 删除最后 12 个块（layer2.1 → layer4.2）...
          峰值显存：277.35 MB (节省 0.00 MB)  延迟：15.474 ms  加速比：1.071×
[13/16] 删除最后 13 个块（layer2.0 → layer4.2）...
          峰值显存：277.35 MB (节省 0.00 MB)  延迟：15.373 ms  加速比：1.078×
[14/16] 删除最后 14 个块（layer1.2 → layer4.2）...
          峰值显存：277.35 MB (节省 0.00 MB)  延迟：15.186 ms  加速比：1.092×
[15/16] 删除最后 15 个块（layer1.1 → layer4.2）...
          峰值显存：277.35 MB (节省 0.00 MB)  延迟：14.999 ms  加速比：1.105×
[16/16] 删除最后 16 个块（layer1.0 → layer4.2）...
          峰值显存：277.35 MB (节省 0.00 MB)  延迟：14.810 ms  加速比：1.119×

[Exp1-Memory] 完成。结果已保存至：Results/Exp1_Motivation/Motivation1_Inference_cost/20260412_1507_memory_cost.csv

[Exp1-Memory] ── 删除全部残差块时的综合收益摘要 ──
  峰值显存：277.35 MB → 277.35 MB（节省 0.0%）
  推理延迟：16.578 ms → 14.810 ms（加速比 1.119×）
